#
# A fatal error has been detected by the Java Runtime Environment:
#
#  SIGSEGV (0xb) at pc=0x0000000000401bca, pid=11706, tid=0x00007fa53ca13740
#
# JRE version: Java(TM) SE Runtime Environment (8.0_161-b12) (build 1.8.0_161-b12)
# Java VM: Java HotSpot(TM) 64-Bit Server VM (25.161-b12 interpreted mode linux-amd64 compressed oops)
# Problematic frame:
# C  [check+0x1bca]
#
# Core dump written. Default location: /home/sx302/test/NQueen/CheckOne_Datafile_compare/java_v1.1_jni/core or core.11706
#
# If you would like to submit a bug report, please visit:
#   http://bugreport.java.com/bugreport/crash.jsp
#

---------------  T H R E A D  ---------------

Current thread is native thread

siginfo: si_signo: 11 (SIGSEGV), si_code: 2 (SEGV_ACCERR), si_addr: 0x0000000100000000

Registers:
RAX=0x0000000100000000, RBX=0x0000000001d5ff98, RCX=0x00007fa53afb02dd, RDX=0x00007fa53b27f780
RSP=0x00007ffe3c22d940, RBP=0x00007ffe3c22d950, RSI=0x000000000040215a, RDI=0x0000000100000000
R8 =0x7373656363757320, R9 =0x00007fa53ca13740, R10=0x0000000000000001, R11=0x0000000000000000
R12=0x0000000000401190, R13=0x00007ffe3c22de00, R14=0x0000000000000000, R15=0x0000000000000000
RIP=0x0000000000401bca, EFLAGS=0x0000000000010202, CSGSFS=0x002b000000000033, ERR=0x0000000000000004
  TRAPNO=0x000000000000000e

Top of Stack: (sp=0x00007ffe3c22d940)
0x00007ffe3c22d940:   000000000040215a 0000000100000000
0x00007ffe3c22d950:   00007ffe3c22da00 000000000040133e
0x00007ffe3c22d960:   000000003c22d9a0 0000000001d66200
0x00007ffe3c22d970:   00007ffe3c22d9e0 0000000100000000
0x00007ffe3c22d980:   15c317105d427bf1 fffffffffffffffb
0x00007ffe3c22d990:   00007ffe3c22d9c0 0000000000401190
0x00007ffe3c22d9a0:   00007ffe3c22d9e0 00007fa53afce876
0x00007ffe3c22d9b0:   0000000200010008 00007ffe3c22d9d0
0x00007ffe3c22d9c0:   0000000000000001 0000000001d5ff98
0x00007ffe3c22d9d0:   0000000000402119 00007fa53b54a44e
0x00007ffe3c22d9e0:   000000000040212e 000000001246f079
0x00007ffe3c22d9f0:   15c317105d427bf1 01c8e493a394f400
0x00007ffe3c22da00:   00007ffe3c22dd20 0000000000401904
0x00007ffe3c22da10:   00007ffe3c22de08 000000033c22da50
0x00007ffe3c22da20:   0000000100000000 0000000a0000000a
0x00007ffe3c22da30:   0000000200000000 0000000a00400a70
0x00007ffe3c22da40:   0000000c00000000 ffffffff00000000
0x00007ffe3c22da50:   15c317105d42cc79 00007fa53ca17000
0x00007ffe3c22da60:   15c317105d42acd6 00007fa53c827ac6
0x00007ffe3c22da70:   00000000000030e5 0000000000000000
0x00007ffe3c22da80:   000000000000000c 0000000001d5ff50
0x00007ffe3c22da90:   0000000001d61ea0 0000000001d62e50
0x00007ffe3c22daa0:   0000000001d5fb10 000000000000001c
0x00007ffe3c22dab0:   000000000000001e 0000000000603068
0x00007ffe3c22dac0:   00007ffe3c22dad0 0000000000000005
0x00007ffe3c22dad0:   0000006e65657551 0000000000000003
0x00007ffe3c22dae0:   00007ffe3c22daf0 0000000000000009
0x00007ffe3c22daf0:   7463696c666e6f43 0000000000000073
0x00007ffe3c22db00:   00007fa53b811438 0000000000000000
0x00007ffe3c22db10:   00007fa53b811340 0000000000000000
0x00007ffe3c22db20:   0000000000000000 0000000000000000
0x00007ffe3c22db30:   0000000000000000 0000000000000000 

Instructions: (pc=0x0000000000401bca)
0x0000000000401baa:   01 00 00 00 e8 af ff ff ff 5d c3 90 55 48 89 e5
0x0000000000401bba:   48 83 ec 10 48 89 7d f8 48 89 75 f0 48 8b 45 f8
0x0000000000401bca:   48 8b 00 48 8b 40 30 48 8b 4d f0 48 8b 55 f8 48
0x0000000000401bda:   89 ce 48 89 d7 ff d0 c9 c3 90 55 48 89 e5 48 83 

Register to memory mapping:

RAX=0x0000000100000000 is an unallocated location in the heap
RBX=0x0000000001d5ff98 is an unknown value
RCX=0x00007fa53afb02dd: __write+0x2d in /lib/x86_64-linux-gnu/libc.so.6 at 0x00007fa53aeb9000
RDX=0x00007fa53b27f780: <offset 0x3c6780> in /lib/x86_64-linux-gnu/libc.so.6 at 0x00007fa53aeb9000
RSP=0x00007ffe3c22d940 is an unknown value
RBP=0x00007ffe3c22d950 is an unknown value
RSI=0x000000000040215a: <offset 0x215a> in ./check at 0x0000000000400000
RDI=0x0000000100000000 is an unallocated location in the heap
R8 =0x7373656363757320 is an unknown value
R9 =0x00007fa53ca13740 is an unknown value
R10=0x0000000000000001 is an unknown value
R11=0x0000000000000000 is an unknown value
R12=0x0000000000401190: <offset 0x1190> in ./check at 0x0000000000400000
R13=0x00007ffe3c22de00 is an unknown value
R14=0x0000000000000000 is an unknown value
R15=0x0000000000000000 is an unknown value


Stack: [0x00007ffe3c12f000,0x00007ffe3c22f000],  sp=0x00007ffe3c22d940,  free space=1018k
Native frames: (J=compiled Java code, j=interpreted, Vv=VM code, C=native code)
C  [check+0x1bca]
C  [check+0x133e]
C  [check+0x1904]


---------------  P R O C E S S  ---------------

VM state:at safepoint (shutting down)

VM Mutex/Monitor currently owned by a thread:  ([mutex/lock_event])
[0x0000000001d69f90] Threads_lock - owner thread: 0x0000000001e0c800

Heap:
 PSYoungGen      total 601600K, used 424479K [0x0000000580100000, 0x00000005aa000000, 0x0000000800000000)
  eden space 516096K, 82% used [0x0000000580100000,0x0000000599f87c78,0x000000059f900000)
  from space 85504K, 0% used [0x00000005a4c80000,0x00000005a4c80000,0x00000005aa000000)
  to   space 85504K, 0% used [0x000000059f900000,0x000000059f900000,0x00000005a4c80000)
 ParOldGen       total 1375232K, used 0K [0x0000000080200000, 0x00000000d4100000, 0x0000000580100000)
  object space 1375232K, 0% used [0x0000000080200000,0x0000000080200000,0x00000000d4100000)
 Metaspace       used 2692K, capacity 4486K, committed 4864K, reserved 1056768K
  class space    used 298K, capacity 386K, committed 512K, reserved 1048576K

Card table byte_map: [0x00007fa526730000,0x00007fa52a330000] byte_map_base: 0x00007fa52632f000

Marking Bits: (ParMarkBitMap*) 0x00007fa53c7ea920
 Begin Bits: [0x00007fa478010000, 0x00007fa496008000)
 End Bits:   [0x00007fa496008000, 0x00007fa4b4000000)

Polling page: 0x00007fa53ca3b000

CodeCache: size=245760Kb used=476Kb max_used=476Kb free=245283Kb
 bounds [0x00007fa52a6f0000, 0x00007fa52a960000, 0x00007fa5396f0000]
 total_blobs=182 nmethods=0 adapters=148
 compilation: disabled (interpreter mode)

Compilation events (0 events):
No events

GC Heap History (0 events):
No events

Deoptimization events (0 events):
No events

Classes redefined (0 events):
No events

Internal exceptions (2 events):
Event: 0.049 Thread 0x0000000001d6d800 Exception <a 'java/lang/NoSuchMethodError': Method sun.misc.Unsafe.defineClass(Ljava/lang/String;[BII)Ljava/lang/Class; name or signature does not match> (0x0000000580107ca0) thrown at [/HUDSON/workspace/8-2-build-linux-amd64/jdk8u161/10277/hotspot/src/sh
Event: 0.049 Thread 0x0000000001d6d800 Exception <a 'java/lang/NoSuchMethodError': Method sun.misc.Unsafe.prefetchRead(Ljava/lang/Object;J)V name or signature does not match> (0x0000000580107f88) thrown at [/HUDSON/workspace/8-2-build-linux-amd64/jdk8u161/10277/hotspot/src/share/vm/prims/jni.c

Events (10 events):
Event: 0.136 Thread 0x00007fa3c4001000 Thread added: 0x00007fa3c4001000
Event: 0.136 Thread 0x00007fa3ec003000 Thread added: 0x00007fa3ec003000
Event: 0.136 Thread 0x00007fa3c8001000 Thread added: 0x00007fa3c8001000
Event: 0.136 Thread 0x00007fa3bc001000 Thread added: 0x00007fa3bc001000
Event: 0.137 Thread 0x00007fa3c0001000 Thread added: 0x00007fa3c0001000
Event: 0.137 loading class java/lang/Shutdown
Event: 0.137 loading class java/lang/Shutdown done
Event: 0.137 loading class java/lang/Shutdown$Lock
Event: 0.137 loading class java/lang/Shutdown$Lock done
Event: 0.138 Thread 0x0000000001d6d800 Thread exited: 0x0000000001d6d800


Dynamic libraries:
00400000-00403000 r-xp 00000000 08:02 50210294                           /home/sx302/test/NQueen/CheckOne_Datafile_compare/java_v1.1_jni/check
00602000-00603000 r--p 00002000 08:02 50210294                           /home/sx302/test/NQueen/CheckOne_Datafile_compare/java_v1.1_jni/check
00603000-00604000 rw-p 00003000 08:02 50210294                           /home/sx302/test/NQueen/CheckOne_Datafile_compare/java_v1.1_jni/check
01d4d000-01e9d000 rw-p 00000000 00:00 0                                  [heap]
80200000-d4100000 rw-p 00000000 00:00 0 
d4100000-580100000 ---p 00000000 00:00 0 
580100000-5aa000000 rw-p 00000000 00:00 0 
5aa000000-800000000 ---p 00000000 00:00 0 
800000000-800080000 rw-p 00000000 00:00 0 
800080000-840000000 ---p 00000000 00:00 0 
7fa36c000000-7fa36c021000 rw-p 00000000 00:00 0 
7fa36c021000-7fa370000000 ---p 00000000 00:00 0 
7fa374000000-7fa374021000 rw-p 00000000 00:00 0 
7fa374021000-7fa378000000 ---p 00000000 00:00 0 
7fa378000000-7fa378021000 rw-p 00000000 00:00 0 
7fa378021000-7fa37c000000 ---p 00000000 00:00 0 
7fa37c000000-7fa37c021000 rw-p 00000000 00:00 0 
7fa37c021000-7fa380000000 ---p 00000000 00:00 0 
7fa380000000-7fa380021000 rw-p 00000000 00:00 0 
7fa380021000-7fa384000000 ---p 00000000 00:00 0 
7fa384000000-7fa384021000 rw-p 00000000 00:00 0 
7fa384021000-7fa388000000 ---p 00000000 00:00 0 
7fa388000000-7fa388021000 rw-p 00000000 00:00 0 
7fa388021000-7fa38c000000 ---p 00000000 00:00 0 
7fa38c000000-7fa38c021000 rw-p 00000000 00:00 0 
7fa38c021000-7fa390000000 ---p 00000000 00:00 0 
7fa390000000-7fa390021000 rw-p 00000000 00:00 0 
7fa390021000-7fa394000000 ---p 00000000 00:00 0 
7fa394000000-7fa394021000 rw-p 00000000 00:00 0 
7fa394021000-7fa398000000 ---p 00000000 00:00 0 
7fa398000000-7fa398021000 rw-p 00000000 00:00 0 
7fa398021000-7fa39c000000 ---p 00000000 00:00 0 
7fa39c000000-7fa39c021000 rw-p 00000000 00:00 0 
7fa39c021000-7fa3a0000000 ---p 00000000 00:00 0 
7fa3a0000000-7fa3a0021000 rw-p 00000000 00:00 0 
7fa3a0021000-7fa3a4000000 ---p 00000000 00:00 0 
7fa3a4000000-7fa3a4021000 rw-p 00000000 00:00 0 
7fa3a4021000-7fa3a8000000 ---p 00000000 00:00 0 
7fa3a8000000-7fa3a8021000 rw-p 00000000 00:00 0 
7fa3a8021000-7fa3ac000000 ---p 00000000 00:00 0 
7fa3ac000000-7fa3ac021000 rw-p 00000000 00:00 0 
7fa3ac021000-7fa3b0000000 ---p 00000000 00:00 0 
7fa3b0000000-7fa3b0021000 rw-p 00000000 00:00 0 
7fa3b0021000-7fa3b4000000 ---p 00000000 00:00 0 
7fa3b4000000-7fa3b4021000 rw-p 00000000 00:00 0 
7fa3b4021000-7fa3b8000000 ---p 00000000 00:00 0 
7fa3b8000000-7fa3b8021000 rw-p 00000000 00:00 0 
7fa3b8021000-7fa3bc000000 ---p 00000000 00:00 0 
7fa3bc000000-7fa3bc021000 rw-p 00000000 00:00 0 
7fa3bc021000-7fa3c0000000 ---p 00000000 00:00 0 
7fa3c0000000-7fa3c0021000 rw-p 00000000 00:00 0 
7fa3c0021000-7fa3c4000000 ---p 00000000 00:00 0 
7fa3c4000000-7fa3c4021000 rw-p 00000000 00:00 0 
7fa3c4021000-7fa3c8000000 ---p 00000000 00:00 0 
7fa3c8000000-7fa3c8021000 rw-p 00000000 00:00 0 
7fa3c8021000-7fa3cc000000 ---p 00000000 00:00 0 
7fa3cc000000-7fa3cc021000 rw-p 00000000 00:00 0 
7fa3cc021000-7fa3d0000000 ---p 00000000 00:00 0 
7fa3d0000000-7fa3d0021000 rw-p 00000000 00:00 0 
7fa3d0021000-7fa3d4000000 ---p 00000000 00:00 0 
7fa3d4000000-7fa3d4021000 rw-p 00000000 00:00 0 
7fa3d4021000-7fa3d8000000 ---p 00000000 00:00 0 
7fa3d8000000-7fa3d8021000 rw-p 00000000 00:00 0 
7fa3d8021000-7fa3dc000000 ---p 00000000 00:00 0 
7fa3dc000000-7fa3dc021000 rw-p 00000000 00:00 0 
7fa3dc021000-7fa3e0000000 ---p 00000000 00:00 0 
7fa3e0000000-7fa3e0021000 rw-p 00000000 00:00 0 
7fa3e0021000-7fa3e4000000 ---p 00000000 00:00 0 
7fa3e4000000-7fa3e4021000 rw-p 00000000 00:00 0 
7fa3e4021000-7fa3e8000000 ---p 00000000 00:00 0 
7fa3e8000000-7fa3e8021000 rw-p 00000000 00:00 0 
7fa3e8021000-7fa3ec000000 ---p 00000000 00:00 0 
7fa3ec000000-7fa3ec021000 rw-p 00000000 00:00 0 
7fa3ec021000-7fa3f0000000 ---p 00000000 00:00 0 
7fa3f0000000-7fa3f0021000 rw-p 00000000 00:00 0 
7fa3f0021000-7fa3f4000000 ---p 00000000 00:00 0 
7fa3f4000000-7fa3f4021000 rw-p 00000000 00:00 0 
7fa3f4021000-7fa3f8000000 ---p 00000000 00:00 0 
7fa3f8000000-7fa3f8021000 rw-p 00000000 00:00 0 
7fa3f8021000-7fa3fc000000 ---p 00000000 00:00 0 
7fa3fc000000-7fa3fc021000 rw-p 00000000 00:00 0 
7fa3fc021000-7fa400000000 ---p 00000000 00:00 0 
7fa400000000-7fa400021000 rw-p 00000000 00:00 0 
7fa400021000-7fa404000000 ---p 00000000 00:00 0 
7fa404000000-7fa404021000 rw-p 00000000 00:00 0 
7fa404021000-7fa408000000 ---p 00000000 00:00 0 
7fa408000000-7fa408021000 rw-p 00000000 00:00 0 
7fa408021000-7fa40c000000 ---p 00000000 00:00 0 
7fa40c000000-7fa40c021000 rw-p 00000000 00:00 0 
7fa40c021000-7fa410000000 ---p 00000000 00:00 0 
7fa410000000-7fa410021000 rw-p 00000000 00:00 0 
7fa410021000-7fa414000000 ---p 00000000 00:00 0 
7fa414000000-7fa414021000 rw-p 00000000 00:00 0 
7fa414021000-7fa418000000 ---p 00000000 00:00 0 
7fa418000000-7fa418021000 rw-p 00000000 00:00 0 
7fa418021000-7fa41c000000 ---p 00000000 00:00 0 
7fa41c000000-7fa41c021000 rw-p 00000000 00:00 0 
7fa41c021000-7fa420000000 ---p 00000000 00:00 0 
7fa420000000-7fa420021000 rw-p 00000000 00:00 0 
7fa420021000-7fa424000000 ---p 00000000 00:00 0 
7fa424000000-7fa424021000 rw-p 00000000 00:00 0 
7fa424021000-7fa428000000 ---p 00000000 00:00 0 
7fa428000000-7fa428021000 rw-p 00000000 00:00 0 
7fa428021000-7fa42c000000 ---p 00000000 00:00 0 
7fa42c000000-7fa42c021000 rw-p 00000000 00:00 0 
7fa42c021000-7fa430000000 ---p 00000000 00:00 0 
7fa434000000-7fa434021000 rw-p 00000000 00:00 0 
7fa434021000-7fa438000000 ---p 00000000 00:00 0 
7fa43c000000-7fa43c021000 rw-p 00000000 00:00 0 
7fa43c021000-7fa440000000 ---p 00000000 00:00 0 
7fa444000000-7fa444021000 rw-p 00000000 00:00 0 
7fa444021000-7fa448000000 ---p 00000000 00:00 0 
7fa44c000000-7fa44c021000 rw-p 00000000 00:00 0 
7fa44c021000-7fa450000000 ---p 00000000 00:00 0 
7fa454000000-7fa454021000 rw-p 00000000 00:00 0 
7fa454021000-7fa458000000 ---p 00000000 00:00 0 
7fa45c000000-7fa45c021000 rw-p 00000000 00:00 0 
7fa45c021000-7fa460000000 ---p 00000000 00:00 0 
7fa464000000-7fa464021000 rw-p 00000000 00:00 0 
7fa464021000-7fa468000000 ---p 00000000 00:00 0 
7fa46c000000-7fa46c021000 rw-p 00000000 00:00 0 
7fa46c021000-7fa470000000 ---p 00000000 00:00 0 
7fa474000000-7fa474021000 rw-p 00000000 00:00 0 
7fa474021000-7fa478000000 ---p 00000000 00:00 0 
7fa478010000-7fa4b4000000 rw-p 00000000 00:00 0 
7fa4b4000000-7fa4b4021000 rw-p 00000000 00:00 0 
7fa4b4021000-7fa4b8000000 ---p 00000000 00:00 0 
7fa4bc000000-7fa4bc021000 rw-p 00000000 00:00 0 
7fa4bc021000-7fa4c0000000 ---p 00000000 00:00 0 
7fa4c4000000-7fa4c4021000 rw-p 00000000 00:00 0 
7fa4c4021000-7fa4c8000000 ---p 00000000 00:00 0 
7fa4cc000000-7fa4cc021000 rw-p 00000000 00:00 0 
7fa4cc021000-7fa4d0000000 ---p 00000000 00:00 0 
7fa4d4000000-7fa4d4021000 rw-p 00000000 00:00 0 
7fa4d4021000-7fa4d8000000 ---p 00000000 00:00 0 
7fa4dc000000-7fa4dc021000 rw-p 00000000 00:00 0 
7fa4dc021000-7fa4e0000000 ---p 00000000 00:00 0 
7fa4e4000000-7fa4e4021000 rw-p 00000000 00:00 0 
7fa4e4021000-7fa4e8000000 ---p 00000000 00:00 0 
7fa4ec000000-7fa4ec021000 rw-p 00000000 00:00 0 
7fa4ec021000-7fa4f0000000 ---p 00000000 00:00 0 
7fa4f0af3000-7fa4f0af6000 ---p 00000000 00:00 0 
7fa4f0af6000-7fa4f0bf4000 rw-p 00000000 00:00 0 
7fa4f0bf4000-7fa4f0bf7000 ---p 00000000 00:00 0 
7fa4f0bf7000-7fa4f0cf5000 rw-p 00000000 00:00 0 
7fa4f0cf5000-7fa4f0cf8000 ---p 00000000 00:00 0 
7fa4f0cf8000-7fa4f0df6000 rw-p 00000000 00:00 0 
7fa4f0df6000-7fa4f0df9000 ---p 00000000 00:00 0 
7fa4f0df9000-7fa4f0ef7000 rw-p 00000000 00:00 0 
7fa4f0ef7000-7fa4f0efa000 ---p 00000000 00:00 0 
7fa4f0efa000-7fa4f0ff8000 rw-p 00000000 00:00 0 
7fa4f0ff8000-7fa4f0ffb000 ---p 00000000 00:00 0 
7fa4f0ffb000-7fa4f10f9000 rw-p 00000000 00:00 0 
7fa4f10f9000-7fa4f10fc000 ---p 00000000 00:00 0 
7fa4f10fc000-7fa4f11fa000 rw-p 00000000 00:00 0 
7fa4f11fa000-7fa4f11fd000 ---p 00000000 00:00 0 
7fa4f11fd000-7fa4f12fb000 rw-p 00000000 00:00 0 
7fa4f12fb000-7fa4f12fe000 ---p 00000000 00:00 0 
7fa4f12fe000-7fa4f13fc000 rw-p 00000000 00:00 0 
7fa4f13fc000-7fa4f13ff000 ---p 00000000 00:00 0 
7fa4f13ff000-7fa4f14fd000 rw-p 00000000 00:00 0 
7fa4f14fd000-7fa4f1500000 ---p 00000000 00:00 0 
7fa4f1500000-7fa4f15fe000 rw-p 00000000 00:00 0 
7fa4f15fe000-7fa4f1601000 ---p 00000000 00:00 0 
7fa4f1601000-7fa4f16ff000 rw-p 00000000 00:00 0 
7fa4f16ff000-7fa4f1702000 ---p 00000000 00:00 0 
7fa4f1702000-7fa4f1800000 rw-p 00000000 00:00 0 
7fa4f1800000-7fa4f1803000 ---p 00000000 00:00 0 
7fa4f1803000-7fa4f1901000 rw-p 00000000 00:00 0 
7fa4f1901000-7fa4f1904000 ---p 00000000 00:00 0 
7fa4f1904000-7fa4f1a02000 rw-p 00000000 00:00 0 
7fa4f1a02000-7fa4f1a05000 ---p 00000000 00:00 0 
7fa4f1a05000-7fa4f1b03000 rw-p 00000000 00:00 0 
7fa4f1b03000-7fa4f1b06000 ---p 00000000 00:00 0 
7fa4f1b06000-7fa4f1c04000 rw-p 00000000 00:00 0 
7fa4f1c04000-7fa4f1c07000 ---p 00000000 00:00 0 
7fa4f1c07000-7fa4f1d05000 rw-p 00000000 00:00 0 
7fa4f1d05000-7fa4f1d08000 ---p 00000000 00:00 0 
7fa4f1d08000-7fa4f1e06000 rw-p 00000000 00:00 0 
7fa4f1e06000-7fa4f1e09000 ---p 00000000 00:00 0 
7fa4f1e09000-7fa4f1f07000 rw-p 00000000 00:00 0 
7fa4f1f07000-7fa4f1f0a000 ---p 00000000 00:00 0 
7fa4f1f0a000-7fa4f2008000 rw-p 00000000 00:00 0 
7fa4f2008000-7fa4f200b000 ---p 00000000 00:00 0 
7fa4f200b000-7fa4f2109000 rw-p 00000000 00:00 0 
7fa4f2109000-7fa4f210c000 ---p 00000000 00:00 0 
7fa4f210c000-7fa4f220a000 rw-p 00000000 00:00 0 
7fa4f220a000-7fa4f220d000 ---p 00000000 00:00 0 
7fa4f220d000-7fa4f230b000 rw-p 00000000 00:00 0 
7fa4f230b000-7fa4f230e000 ---p 00000000 00:00 0 
7fa4f230e000-7fa4f240c000 rw-p 00000000 00:00 0 
7fa4f240c000-7fa4f240f000 ---p 00000000 00:00 0 
7fa4f240f000-7fa4f250d000 rw-p 00000000 00:00 0 
7fa4f250d000-7fa4f2510000 ---p 00000000 00:00 0 
7fa4f2510000-7fa4f260e000 rw-p 00000000 00:00 0 
7fa4f260e000-7fa4f2611000 ---p 00000000 00:00 0 
7fa4f2611000-7fa4f270f000 rw-p 00000000 00:00 0 
7fa4f270f000-7fa4f2712000 ---p 00000000 00:00 0 
7fa4f2712000-7fa4f2810000 rw-p 00000000 00:00 0 
7fa4f2810000-7fa4f2813000 ---p 00000000 00:00 0 
7fa4f2813000-7fa4f2911000 rw-p 00000000 00:00 0 
7fa4f2911000-7fa4f2914000 ---p 00000000 00:00 0 
7fa4f2914000-7fa4f2a12000 rw-p 00000000 00:00 0 
7fa4f2a12000-7fa4f2a15000 ---p 00000000 00:00 0 
7fa4f2a15000-7fa4f2b13000 rw-p 00000000 00:00 0 
7fa4f2b13000-7fa4f2b16000 ---p 00000000 00:00 0 
7fa4f2b16000-7fa4f2c14000 rw-p 00000000 00:00 0 
7fa4f2c14000-7fa4f2c17000 ---p 00000000 00:00 0 
7fa4f2c17000-7fa4f2d15000 rw-p 00000000 00:00 0 
7fa4f2d15000-7fa4f2d18000 ---p 00000000 00:00 0 
7fa4f2d18000-7fa4f2e16000 rw-p 00000000 00:00 0 
7fa4f2e16000-7fa4f2e19000 ---p 00000000 00:00 0 
7fa4f2e19000-7fa4f2f17000 rw-p 00000000 00:00 0 
7fa4f2f17000-7fa4f2f1a000 ---p 00000000 00:00 0 
7fa4f2f1a000-7fa4f3018000 rw-p 00000000 00:00 0 
7fa4f3018000-7fa4f301b000 ---p 00000000 00:00 0 
7fa4f301b000-7fa4f3119000 rw-p 00000000 00:00 0 
7fa4f3119000-7fa4f311c000 ---p 00000000 00:00 0 
7fa4f311c000-7fa4f321a000 rw-p 00000000 00:00 0 
7fa4f321a000-7fa4f321d000 ---p 00000000 00:00 0 
7fa4f321d000-7fa4f331b000 rw-p 00000000 00:00 0 
7fa4f331b000-7fa4f33b1000 r--s 0110a000 08:02 82185196                   /usr/local/jdk1.8.0_161/jre/lib/ext/jfxrt.jar
7fa4f33b1000-7fa4f33b2000 ---p 00000000 00:00 0 
7fa4f33b2000-7fa4f34b2000 rw-p 00000000 00:00 0 
7fa4f34b2000-7fa4f34b5000 ---p 00000000 00:00 0 
7fa4f34b5000-7fa4f35b3000 rw-p 00000000 00:00 0 
7fa4f35b3000-7fa4f35b6000 ---p 00000000 00:00 0 
7fa4f35b6000-7fa4f36b4000 rw-p 00000000 00:00 0 
7fa4f36b4000-7fa4f3cfd000 r--p 00000000 08:02 76415101                   /usr/lib/locale/locale-archive
7fa4f3cfd000-7fa4f3d00000 ---p 00000000 00:00 0 
7fa4f3d00000-7fa4f3dfe000 rw-p 00000000 00:00 0 
7fa4f3dfe000-7fa4f3e01000 ---p 00000000 00:00 0 
7fa4f3e01000-7fa4f3eff000 rw-p 00000000 00:00 0 
7fa4f3eff000-7fa4f3f00000 ---p 00000000 00:00 0 
7fa4f3f00000-7fa4f4000000 rw-p 00000000 00:00 0 
7fa4f4000000-7fa4f4021000 rw-p 00000000 00:00 0 
7fa4f4021000-7fa4f8000000 ---p 00000000 00:00 0 
7fa4f802f000-7fa4fc000000 rw-p 00000000 00:00 0 
7fa4fc000000-7fa4fc021000 rw-p 00000000 00:00 0 
7fa4fc021000-7fa500000000 ---p 00000000 00:00 0 
7fa500000000-7fa500021000 rw-p 00000000 00:00 0 
7fa500021000-7fa504000000 ---p 00000000 00:00 0 
7fa504000000-7fa504021000 rw-p 00000000 00:00 0 
7fa504021000-7fa508000000 ---p 00000000 00:00 0 
7fa508017000-7fa50c000000 rw-p 00000000 00:00 0 
7fa50c000000-7fa50c021000 rw-p 00000000 00:00 0 
7fa50c021000-7fa510000000 ---p 00000000 00:00 0 
7fa510000000-7fa510021000 rw-p 00000000 00:00 0 
7fa510021000-7fa514000000 ---p 00000000 00:00 0 
7fa514000000-7fa514021000 rw-p 00000000 00:00 0 
7fa514021000-7fa518000000 ---p 00000000 00:00 0 
7fa518000000-7fa518021000 rw-p 00000000 00:00 0 
7fa518021000-7fa51c000000 ---p 00000000 00:00 0 
7fa51c000000-7fa51c021000 rw-p 00000000 00:00 0 
7fa51c021000-7fa520000000 ---p 00000000 00:00 0 
7fa520015000-7fa52176e000 rw-p 00000000 00:00 0 
7fa52176e000-7fa521947000 r--s 03d64000 08:02 82185134                   /usr/local/jdk1.8.0_161/jre/lib/rt.jar
7fa521947000-7fa521dfd000 rw-p 00000000 00:00 0 
7fa521dfd000-7fa5221bd000 ---p 00000000 00:00 0 
7fa5221bd000-7fa522415000 rw-p 00000000 00:00 0 
7fa522415000-7fa522416000 ---p 00000000 00:00 0 
7fa522416000-7fa522516000 rw-p 00000000 00:00 0 
7fa522516000-7fa522517000 ---p 00000000 00:00 0 
7fa522517000-7fa522617000 rw-p 00000000 00:00 0 
7fa522617000-7fa522618000 ---p 00000000 00:00 0 
7fa522618000-7fa522718000 rw-p 00000000 00:00 0 
7fa522718000-7fa522719000 ---p 00000000 00:00 0 
7fa522719000-7fa522819000 rw-p 00000000 00:00 0 
7fa522819000-7fa52281a000 ---p 00000000 00:00 0 
7fa52281a000-7fa52291a000 rw-p 00000000 00:00 0 
7fa52291a000-7fa52291b000 ---p 00000000 00:00 0 
7fa52291b000-7fa522a1b000 rw-p 00000000 00:00 0 
7fa522a1b000-7fa522a1c000 ---p 00000000 00:00 0 
7fa522a1c000-7fa522b1c000 rw-p 00000000 00:00 0 
7fa522b1c000-7fa522b1d000 ---p 00000000 00:00 0 
7fa522b1d000-7fa522c1d000 rw-p 00000000 00:00 0 
7fa522c1d000-7fa522c1e000 ---p 00000000 00:00 0 
7fa522c1e000-7fa522d1e000 rw-p 00000000 00:00 0 
7fa522d1e000-7fa522d1f000 ---p 00000000 00:00 0 
7fa522d1f000-7fa522e1f000 rw-p 00000000 00:00 0 
7fa522e1f000-7fa522e20000 ---p 00000000 00:00 0 
7fa522e20000-7fa522f20000 rw-p 00000000 00:00 0 
7fa522f20000-7fa522f21000 ---p 00000000 00:00 0 
7fa522f21000-7fa523021000 rw-p 00000000 00:00 0 
7fa523021000-7fa523022000 ---p 00000000 00:00 0 
7fa523022000-7fa523122000 rw-p 00000000 00:00 0 
7fa523122000-7fa523123000 ---p 00000000 00:00 0 
7fa523123000-7fa523223000 rw-p 00000000 00:00 0 
7fa523223000-7fa523224000 ---p 00000000 00:00 0 
7fa523224000-7fa523324000 rw-p 00000000 00:00 0 
7fa523324000-7fa523325000 ---p 00000000 00:00 0 
7fa523325000-7fa523425000 rw-p 00000000 00:00 0 
7fa523425000-7fa523426000 ---p 00000000 00:00 0 
7fa523426000-7fa523526000 rw-p 00000000 00:00 0 
7fa523526000-7fa523527000 ---p 00000000 00:00 0 
7fa523527000-7fa523627000 rw-p 00000000 00:00 0 
7fa523627000-7fa523628000 ---p 00000000 00:00 0 
7fa523628000-7fa523728000 rw-p 00000000 00:00 0 
7fa523728000-7fa523729000 ---p 00000000 00:00 0 
7fa523729000-7fa523829000 rw-p 00000000 00:00 0 
7fa523829000-7fa52382a000 ---p 00000000 00:00 0 
7fa52382a000-7fa52392a000 rw-p 00000000 00:00 0 
7fa52392a000-7fa52392b000 ---p 00000000 00:00 0 
7fa52392b000-7fa523a2b000 rw-p 00000000 00:00 0 
7fa523a2b000-7fa523a2c000 ---p 00000000 00:00 0 
7fa523a2c000-7fa523b2c000 rw-p 00000000 00:00 0 
7fa523b2c000-7fa523b2d000 ---p 00000000 00:00 0 
7fa523b2d000-7fa523c2d000 rw-p 00000000 00:00 0 
7fa523c2d000-7fa523c2e000 ---p 00000000 00:00 0 
7fa523c2e000-7fa523d2e000 rw-p 00000000 00:00 0 
7fa523d2e000-7fa523d2f000 ---p 00000000 00:00 0 
7fa523d2f000-7fa523e2f000 rw-p 00000000 00:00 0 
7fa523e2f000-7fa523e30000 ---p 00000000 00:00 0 
7fa523e30000-7fa5241d0000 rw-p 00000000 00:00 0 
7fa5241d0000-7fa526730000 ---p 00000000 00:00 0 
7fa526730000-7fa5269d0000 rw-p 00000000 00:00 0 
7fa5269d0000-7fa528f2f000 ---p 00000000 00:00 0 
7fa528f2f000-7fa52907f000 rw-p 00000000 00:00 0 
7fa52907f000-7fa52a32f000 ---p 00000000 00:00 0 
7fa52a32f000-7fa52a33a000 rw-p 00000000 00:00 0 
7fa52a33a000-7fa52a6f0000 ---p 00000000 00:00 0 
7fa52a6f0000-7fa52a960000 rwxp 00000000 00:00 0 
7fa52a960000-7fa5396f0000 ---p 00000000 00:00 0 
7fa5396f0000-7fa53970b000 r-xp 00000000 08:02 82185344                   /usr/local/jdk1.8.0_161/jre/lib/amd64/libzip.so
7fa53970b000-7fa53990b000 ---p 0001b000 08:02 82185344                   /usr/local/jdk1.8.0_161/jre/lib/amd64/libzip.so
7fa53990b000-7fa53990c000 rw-p 0001b000 08:02 82185344                   /usr/local/jdk1.8.0_161/jre/lib/amd64/libzip.so
7fa53990c000-7fa539917000 r-xp 00000000 08:02 152834494                  /lib/x86_64-linux-gnu/libnss_files-2.23.so
7fa539917000-7fa539b16000 ---p 0000b000 08:02 152834494                  /lib/x86_64-linux-gnu/libnss_files-2.23.so
7fa539b16000-7fa539b17000 r--p 0000a000 08:02 152834494                  /lib/x86_64-linux-gnu/libnss_files-2.23.so
7fa539b17000-7fa539b18000 rw-p 0000b000 08:02 152834494                  /lib/x86_64-linux-gnu/libnss_files-2.23.so
7fa539b18000-7fa539b1e000 rw-p 00000000 00:00 0 
7fa539b1e000-7fa539b29000 r-xp 00000000 08:02 152834537                  /lib/x86_64-linux-gnu/libnss_nis-2.23.so
7fa539b29000-7fa539d28000 ---p 0000b000 08:02 152834537                  /lib/x86_64-linux-gnu/libnss_nis-2.23.so
7fa539d28000-7fa539d29000 r--p 0000a000 08:02 152834537                  /lib/x86_64-linux-gnu/libnss_nis-2.23.so
7fa539d29000-7fa539d2a000 rw-p 0000b000 08:02 152834537                  /lib/x86_64-linux-gnu/libnss_nis-2.23.so
7fa539d2a000-7fa539d40000 r-xp 00000000 08:02 152830048                  /lib/x86_64-linux-gnu/libnsl-2.23.so
7fa539d40000-7fa539f3f000 ---p 00016000 08:02 152830048                  /lib/x86_64-linux-gnu/libnsl-2.23.so
7fa539f3f000-7fa539f40000 r--p 00015000 08:02 152830048                  /lib/x86_64-linux-gnu/libnsl-2.23.so
7fa539f40000-7fa539f41000 rw-p 00016000 08:02 152830048                  /lib/x86_64-linux-gnu/libnsl-2.23.so
7fa539f41000-7fa539f43000 rw-p 00000000 00:00 0 
7fa539f43000-7fa539f4b000 r-xp 00000000 08:02 152834371                  /lib/x86_64-linux-gnu/libnss_compat-2.23.so
7fa539f4b000-7fa53a14a000 ---p 00008000 08:02 152834371                  /lib/x86_64-linux-gnu/libnss_compat-2.23.so
7fa53a14a000-7fa53a14b000 r--p 00007000 08:02 152834371                  /lib/x86_64-linux-gnu/libnss_compat-2.23.so
7fa53a14b000-7fa53a14c000 rw-p 00008000 08:02 152834371                  /lib/x86_64-linux-gnu/libnss_compat-2.23.so
7fa53a14c000-7fa53a177000 r-xp 00000000 08:02 82185338                   /usr/local/jdk1.8.0_161/jre/lib/amd64/libjava.so
7fa53a177000-7fa53a376000 ---p 0002b000 08:02 82185338                   /usr/local/jdk1.8.0_161/jre/lib/amd64/libjava.so
7fa53a376000-7fa53a378000 rw-p 0002a000 08:02 82185338                   /usr/local/jdk1.8.0_161/jre/lib/amd64/libjava.so
7fa53a378000-7fa53a385000 r-xp 00000000 08:02 82185343                   /usr/local/jdk1.8.0_161/jre/lib/amd64/libverify.so
7fa53a385000-7fa53a585000 ---p 0000d000 08:02 82185343                   /usr/local/jdk1.8.0_161/jre/lib/amd64/libverify.so
7fa53a585000-7fa53a587000 rw-p 0000d000 08:02 82185343                   /usr/local/jdk1.8.0_161/jre/lib/amd64/libverify.so
7fa53a587000-7fa53a58e000 r-xp 00000000 08:02 152834538                  /lib/x86_64-linux-gnu/librt-2.23.so
7fa53a58e000-7fa53a78d000 ---p 00007000 08:02 152834538                  /lib/x86_64-linux-gnu/librt-2.23.so
7fa53a78d000-7fa53a78e000 r--p 00006000 08:02 152834538                  /lib/x86_64-linux-gnu/librt-2.23.so
7fa53a78e000-7fa53a78f000 rw-p 00007000 08:02 152834538                  /lib/x86_64-linux-gnu/librt-2.23.so
7fa53a78f000-7fa53a7a7000 r-xp 00000000 08:02 152831477                  /lib/x86_64-linux-gnu/libpthread-2.23.so
7fa53a7a7000-7fa53a9a6000 ---p 00018000 08:02 152831477                  /lib/x86_64-linux-gnu/libpthread-2.23.so
7fa53a9a6000-7fa53a9a7000 r--p 00017000 08:02 152831477                  /lib/x86_64-linux-gnu/libpthread-2.23.so
7fa53a9a7000-7fa53a9a8000 rw-p 00018000 08:02 152831477                  /lib/x86_64-linux-gnu/libpthread-2.23.so
7fa53a9a8000-7fa53a9ac000 rw-p 00000000 00:00 0 
7fa53a9ac000-7fa53a9af000 r-xp 00000000 08:02 152831481                  /lib/x86_64-linux-gnu/libdl-2.23.so
7fa53a9af000-7fa53abae000 ---p 00003000 08:02 152831481                  /lib/x86_64-linux-gnu/libdl-2.23.so
7fa53abae000-7fa53abaf000 r--p 00002000 08:02 152831481                  /lib/x86_64-linux-gnu/libdl-2.23.so
7fa53abaf000-7fa53abb0000 rw-p 00003000 08:02 152831481                  /lib/x86_64-linux-gnu/libdl-2.23.so
7fa53abb0000-7fa53acb8000 r-xp 00000000 08:02 152829957                  /lib/x86_64-linux-gnu/libm-2.23.so
7fa53acb8000-7fa53aeb7000 ---p 00108000 08:02 152829957                  /lib/x86_64-linux-gnu/libm-2.23.so
7fa53aeb7000-7fa53aeb8000 r--p 00107000 08:02 152829957                  /lib/x86_64-linux-gnu/libm-2.23.so
7fa53aeb8000-7fa53aeb9000 rw-p 00108000 08:02 152829957                  /lib/x86_64-linux-gnu/libm-2.23.so
7fa53aeb9000-7fa53b079000 r-xp 00000000 08:02 152831478                  /lib/x86_64-linux-gnu/libc-2.23.so
7fa53b079000-7fa53b279000 ---p 001c0000 08:02 152831478                  /lib/x86_64-linux-gnu/libc-2.23.so
7fa53b279000-7fa53b27d000 r--p 001c0000 08:02 152831478                  /lib/x86_64-linux-gnu/libc-2.23.so
7fa53b27d000-7fa53b27f000 rw-p 001c4000 08:02 152831478                  /lib/x86_64-linux-gnu/libc-2.23.so
7fa53b27f000-7fa53b283000 rw-p 00000000 00:00 0 
7fa53b283000-7fa53b299000 r-xp 00000000 08:02 152834511                  /lib/x86_64-linux-gnu/libgcc_s.so.1
7fa53b299000-7fa53b498000 ---p 00016000 08:02 152834511                  /lib/x86_64-linux-gnu/libgcc_s.so.1
7fa53b498000-7fa53b499000 rw-p 00015000 08:02 152834511                  /lib/x86_64-linux-gnu/libgcc_s.so.1
7fa53b499000-7fa53b60b000 r-xp 00000000 08:02 76415773                   /usr/lib/x86_64-linux-gnu/libstdc++.so.6.0.21
7fa53b60b000-7fa53b80b000 ---p 00172000 08:02 76415773                   /usr/lib/x86_64-linux-gnu/libstdc++.so.6.0.21
7fa53b80b000-7fa53b815000 r--p 00172000 08:02 76415773                   /usr/lib/x86_64-linux-gnu/libstdc++.so.6.0.21
7fa53b815000-7fa53b817000 rw-p 0017c000 08:02 76415773                   /usr/lib/x86_64-linux-gnu/libstdc++.so.6.0.21
7fa53b817000-7fa53b81b000 rw-p 00000000 00:00 0 
7fa53b81b000-7fa53c4f4000 r-xp 00000000 08:02 82185321                   /usr/local/jdk1.8.0_161/jre/lib/amd64/server/libjvm.so
7fa53c4f4000-7fa53c6f3000 ---p 00cd9000 08:02 82185321                   /usr/local/jdk1.8.0_161/jre/lib/amd64/server/libjvm.so
7fa53c6f3000-7fa53c7cc000 rw-p 00cd8000 08:02 82185321                   /usr/local/jdk1.8.0_161/jre/lib/amd64/server/libjvm.so
7fa53c7cc000-7fa53c818000 rw-p 00000000 00:00 0 
7fa53c818000-7fa53c83e000 r-xp 00000000 08:02 152830050                  /lib/x86_64-linux-gnu/ld-2.23.so
7fa53c83f000-7fa53c911000 rw-p 00000000 00:00 0 
7fa53c911000-7fa53c912000 ---p 00000000 00:00 0 
7fa53c912000-7fa53ca18000 rw-p 00000000 00:00 0 
7fa53ca32000-7fa53ca3a000 rw-s 00000000 08:02 123469880                  /tmp/hsperfdata_sx302/11706 (deleted)
7fa53ca3a000-7fa53ca3b000 rw-p 00000000 00:00 0 
7fa53ca3b000-7fa53ca3c000 ---p 00000000 00:00 0 
7fa53ca3c000-7fa53ca3d000 rw-p 00000000 00:00 0 
7fa53ca3d000-7fa53ca3e000 r--p 00025000 08:02 152830050                  /lib/x86_64-linux-gnu/ld-2.23.so
7fa53ca3e000-7fa53ca3f000 rw-p 00026000 08:02 152830050                  /lib/x86_64-linux-gnu/ld-2.23.so
7fa53ca3f000-7fa53ca40000 rw-p 00000000 00:00 0 
7ffe3c132000-7ffe3c22f000 rw-p 00000000 00:00 0                          [stack]
7ffe3c36d000-7ffe3c370000 r--p 00000000 00:00 0                          [vvar]
7ffe3c370000-7ffe3c372000 r-xp 00000000 00:00 0                          [vdso]
ffffffffff600000-ffffffffff601000 r-xp 00000000 00:00 0                  [vsyscall]

VM Arguments:
jvm_args: -Djava.compiler=NONE 
java_command: <unknown>
java_class_path (initial): .
Launcher Type: generic

Environment Variables:
JAVA_HOME=/usr/local/jdk1.8.0_161
JRE_HOME=/usr/local/jdk1.8.0_161/jre
CLASSPATH=.:.::/usr/local/jdk1.8.0_161/lib:/usr/local/jdk1.8.0_161/jre/lib:/usr/local/jdk1.8.0_161/lib:/usr/local/jdk1.8.0_161/jre/lib
PATH=/home/sx302/bin:/home/sx302/.local/bin:/usr/local/my_mpi/bin:/usr/local/anaconda3/bin:/usr/local/jdk1.8.0_161/bin:/usr/local/jdk1.8.0_161/jre/bin:/usr/local/cuda/bin:/home/sx302/bin:/home/sx302/.local/bin:/home/sx302/.conda/envs/py27/bin:/usr/local/my_mpi/bin:/usr/local/anaconda3/bin:/usr/local/jdk1.8.0_161/bin:/usr/local/jdk1.8.0_161/jre/bin:/usr/local/cuda/bin:/usr/local/sbin:/usr/local/bin:/usr/sbin:/usr/bin:/sbin:/bin:/usr/games:/usr/local/games:/snap/bin
LD_LIBRARY_PATH=/usr/local/cuda/lib64:/usr/lib/x86_64-linux-gnu:/usr/local/my_mpi/lib:/usr/local/jdk1.8.0_161/jre/lib/amd64/server:/usr/local/cuda/lib64:/usr/lib/x86_64-linux-gnu:/usr/local/my_mpi/lib:
SHELL=/bin/bash
DISPLAY=localhost:10.0

Signal Handlers:
SIGSEGV: [libjvm.so+0xad01e0], sa_mask[0]=11111111011111111101111111111110, sa_flags=SA_RESTART|SA_SIGINFO
SIGBUS: [libjvm.so+0xad01e0], sa_mask[0]=11111111011111111101111111111110, sa_flags=SA_RESTART|SA_SIGINFO
SIGFPE: [libjvm.so+0x927fb0], sa_mask[0]=11111111011111111101111111111110, sa_flags=SA_RESTART|SA_SIGINFO
SIGPIPE: [libjvm.so+0x927fb0], sa_mask[0]=11111111011111111101111111111110, sa_flags=SA_RESTART|SA_SIGINFO
SIGXFSZ: [libjvm.so+0x927fb0], sa_mask[0]=11111111011111111101111111111110, sa_flags=SA_RESTART|SA_SIGINFO
SIGILL: [libjvm.so+0x927fb0], sa_mask[0]=11111111011111111101111111111110, sa_flags=SA_RESTART|SA_SIGINFO
SIGUSR1: SIG_DFL, sa_mask[0]=00000000000000000000000000000000, sa_flags=none
SIGUSR2: [libjvm.so+0x9297f0], sa_mask[0]=00000000000000000000000000000000, sa_flags=SA_RESTART|SA_SIGINFO
SIGHUP: [libjvm.so+0x92abf0], sa_mask[0]=11111111011111111101111111111110, sa_flags=SA_RESTART|SA_SIGINFO
SIGINT: [libjvm.so+0x92abf0], sa_mask[0]=11111111011111111101111111111110, sa_flags=SA_RESTART|SA_SIGINFO
SIGTERM: [libjvm.so+0x92abf0], sa_mask[0]=11111111011111111101111111111110, sa_flags=SA_RESTART|SA_SIGINFO
SIGQUIT: [libjvm.so+0x92abf0], sa_mask[0]=11111111011111111101111111111110, sa_flags=SA_RESTART|SA_SIGINFO


---------------  S Y S T E M  ---------------

OS:DISTRIB_ID=Ubuntu
DISTRIB_RELEASE=16.04
DISTRIB_CODENAME=xenial
DISTRIB_DESCRIPTION="Ubuntu 16.04.3 LTS"

uname:Linux 4.15.0-36-generic #39~16.04.1-Ubuntu SMP Tue Sep 25 08:59:23 UTC 2018 x86_64
libc:glibc 2.23 NPTL 2.23 
rlimit: STACK 8192k, CORE infinity, NPROC 514393, NOFILE 1048576, AS infinity
load average:2.00 2.02 2.00

/proc/meminfo:
MemTotal:       131901608 kB
MemFree:        119915216 kB
MemAvailable:   130006420 kB
Buffers:         1112308 kB
Cached:          9372784 kB
SwapCached:            0 kB
Active:          2216808 kB
Inactive:        8529564 kB
Active(anon):     268448 kB
Inactive(anon):    45324 kB
Active(file):    1948360 kB
Inactive(file):  8484240 kB
Unevictable:           0 kB
Mlocked:               0 kB
SwapTotal:      134093820 kB
SwapFree:       134093820 kB
Dirty:                 0 kB
Writeback:             0 kB
AnonPages:        261340 kB
Mapped:           226640 kB
Shmem:             52496 kB
Slab:             848496 kB
SReclaimable:     721932 kB
SUnreclaim:       126564 kB
KernelStack:       10708 kB
PageTables:        14000 kB
NFS_Unstable:          0 kB
Bounce:                0 kB
WritebackTmp:          0 kB
CommitLimit:    200044624 kB
Committed_AS:    5152836 kB
VmallocTotal:   34359738367 kB
VmallocUsed:           0 kB
VmallocChunk:          0 kB
HardwareCorrupted:     0 kB
AnonHugePages:         0 kB
ShmemHugePages:        0 kB
ShmemPmdMapped:        0 kB
CmaTotal:              0 kB
CmaFree:               0 kB
HugePages_Total:       0
HugePages_Free:        0
HugePages_Rsvd:        0
HugePages_Surp:        0
Hugepagesize:       2048 kB
DirectMap4k:      850428 kB
DirectMap2M:    11610112 kB
DirectMap1G:    123731968 kB


CPU:total 40 (initial active 40) (10 cores per cpu, 2 threads per core) family 6 model 79 stepping 1, cmov, cx8, fxsr, mmx, sse, sse2, sse3, ssse3, sse4.1, sse4.2, popcnt, avx, avx2, aes, clmul, erms, rtm, 3dnowpref, lzcnt, ht, tsc, tscinvbit, bmi1, bmi2, adx

/proc/cpuinfo:
processor	: 0
vendor_id	: GenuineIntel
cpu family	: 6
model		: 79
model name	: Intel(R) Xeon(R) CPU E7-4820 v4 @ 2.00GHz
stepping	: 1
microcode	: 0xb00002e
cpu MHz		: 2002.919
cache size	: 25600 KB
physical id	: 0
siblings	: 20
core id		: 0
cpu cores	: 10
apicid		: 0
initial apicid	: 0
fpu		: yes
fpu_exception	: yes
cpuid level	: 20
wp		: yes
flags		: fpu vme de pse tsc msr pae mce cx8 apic sep mtrr pge mca cmov pat pse36 clflush dts acpi mmx fxsr sse sse2 ss ht tm pbe syscall nx pdpe1gb rdtscp lm constant_tsc arch_perfmon pebs bts rep_good nopl xtopology nonstop_tsc cpuid aperfmperf pni pclmulqdq dtes64 monitor ds_cpl vmx smx est tm2 ssse3 sdbg fma cx16 xtpr pdcm pcid dca sse4_1 sse4_2 x2apic movbe popcnt tsc_deadline_timer aes xsave avx f16c rdrand lahf_lm abm 3dnowprefetch cpuid_fault epb cat_l3 cdp_l3 invpcid_single pti intel_ppin ssbd ibrs ibpb stibp tpr_shadow vnmi flexpriority ept vpid fsgsbase tsc_adjust bmi1 hle avx2 smep bmi2 erms invpcid rtm cqm rdt_a rdseed adx smap intel_pt xsaveopt cqm_llc cqm_occup_llc cqm_mbm_total cqm_mbm_local dtherm arat pln pts flush_l1d
bugs		: cpu_meltdown spectre_v1 spectre_v2 spec_store_bypass l1tf
bogomips	: 3990.46
clflush size	: 64
cache_alignment	: 64
address sizes	: 46 bits physical, 48 bits virtual
power management:

processor	: 1
vendor_id	: GenuineIntel
cpu family	: 6
model		: 79
model name	: Intel(R) Xeon(R) CPU E7-4820 v4 @ 2.00GHz
stepping	: 1
microcode	: 0xb00002e
cpu MHz		: 1201.470
cache size	: 25600 KB
physical id	: 0
siblings	: 20
core id		: 1
cpu cores	: 10
apicid		: 2
initial apicid	: 2
fpu		: yes
fpu_exception	: yes
cpuid level	: 20
wp		: yes
flags		: fpu vme de pse tsc msr pae mce cx8 apic sep mtrr pge mca cmov pat pse36 clflush dts acpi mmx fxsr sse sse2 ss ht tm pbe syscall nx pdpe1gb rdtscp lm constant_tsc arch_perfmon pebs bts rep_good nopl xtopology nonstop_tsc cpuid aperfmperf pni pclmulqdq dtes64 monitor ds_cpl vmx smx est tm2 ssse3 sdbg fma cx16 xtpr pdcm pcid dca sse4_1 sse4_2 x2apic movbe popcnt tsc_deadline_timer aes xsave avx f16c rdrand lahf_lm abm 3dnowprefetch cpuid_fault epb cat_l3 cdp_l3 invpcid_single pti intel_ppin ssbd ibrs ibpb stibp tpr_shadow vnmi flexpriority ept vpid fsgsbase tsc_adjust bmi1 hle avx2 smep bmi2 erms invpcid rtm cqm rdt_a rdseed adx smap intel_pt xsaveopt cqm_llc cqm_occup_llc cqm_mbm_total cqm_mbm_local dtherm arat pln pts flush_l1d
bugs		: cpu_meltdown spectre_v1 spectre_v2 spec_store_bypass l1tf
bogomips	: 3990.46
clflush size	: 64
cache_alignment	: 64
address sizes	: 46 bits physical, 48 bits virtual
power management:

processor	: 2
vendor_id	: GenuineIntel
cpu family	: 6
model		: 79
model name	: Intel(R) Xeon(R) CPU E7-4820 v4 @ 2.00GHz
stepping	: 1
microcode	: 0xb00002e
cpu MHz		: 1201.309
cache size	: 25600 KB
physical id	: 0
siblings	: 20
core id		: 2
cpu cores	: 10
apicid		: 4
initial apicid	: 4
fpu		: yes
fpu_exception	: yes
cpuid level	: 20
wp		: yes
flags		: fpu vme de pse tsc msr pae mce cx8 apic sep mtrr pge mca cmov pat pse36 clflush dts acpi mmx fxsr sse sse2 ss ht tm pbe syscall nx pdpe1gb rdtscp lm constant_tsc arch_perfmon pebs bts rep_good nopl xtopology nonstop_tsc cpuid aperfmperf pni pclmulqdq dtes64 monitor ds_cpl vmx smx est tm2 ssse3 sdbg fma cx16 xtpr pdcm pcid dca sse4_1 sse4_2 x2apic movbe popcnt tsc_deadline_timer aes xsave avx f16c rdrand lahf_lm abm 3dnowprefetch cpuid_fault epb cat_l3 cdp_l3 invpcid_single pti intel_ppin ssbd ibrs ibpb stibp tpr_shadow vnmi flexpriority ept vpid fsgsbase tsc_adjust bmi1 hle avx2 smep bmi2 erms invpcid rtm cqm rdt_a rdseed adx smap intel_pt xsaveopt cqm_llc cqm_occup_llc cqm_mbm_total cqm_mbm_local dtherm arat pln pts flush_l1d
bugs		: cpu_meltdown spectre_v1 spectre_v2 spec_store_bypass l1tf
bogomips	: 3990.46
clflush size	: 64
cache_alignment	: 64
address sizes	: 46 bits physical, 48 bits virtual
power management:

processor	: 3
vendor_id	: GenuineIntel
cpu family	: 6
model		: 79
model name	: Intel(R) Xeon(R) CPU E7-4820 v4 @ 2.00GHz
stepping	: 1
microcode	: 0xb00002e
cpu MHz		: 1201.659
cache size	: 25600 KB
physical id	: 0
siblings	: 20
core id		: 3
cpu cores	: 10
apicid		: 6
initial apicid	: 6
fpu		: yes
fpu_exception	: yes
cpuid level	: 20
wp		: yes
flags		: fpu vme de pse tsc msr pae mce cx8 apic sep mtrr pge mca cmov pat pse36 clflush dts acpi mmx fxsr sse sse2 ss ht tm pbe syscall nx pdpe1gb rdtscp lm constant_tsc arch_perfmon pebs bts rep_good nopl xtopology nonstop_tsc cpuid aperfmperf pni pclmulqdq dtes64 monitor ds_cpl vmx smx est tm2 ssse3 sdbg fma cx16 xtpr pdcm pcid dca sse4_1 sse4_2 x2apic movbe popcnt tsc_deadline_timer aes xsave avx f16c rdrand lahf_lm abm 3dnowprefetch cpuid_fault epb cat_l3 cdp_l3 invpcid_single pti intel_ppin ssbd ibrs ibpb stibp tpr_shadow vnmi flexpriority ept vpid fsgsbase tsc_adjust bmi1 hle avx2 smep bmi2 erms invpcid rtm cqm rdt_a rdseed adx smap intel_pt xsaveopt cqm_llc cqm_occup_llc cqm_mbm_total cqm_mbm_local dtherm arat pln pts flush_l1d
bugs		: cpu_meltdown spectre_v1 spectre_v2 spec_store_bypass l1tf
bogomips	: 3990.46
clflush size	: 64
cache_alignment	: 64
address sizes	: 46 bits physical, 48 bits virtual
power management:

processor	: 4
vendor_id	: GenuineIntel
cpu family	: 6
model		: 79
model name	: Intel(R) Xeon(R) CPU E7-4820 v4 @ 2.00GHz
stepping	: 1
microcode	: 0xb00002e
cpu MHz		: 1199.505
cache size	: 25600 KB
physical id	: 0
siblings	: 20
core id		: 4
cpu cores	: 10
apicid		: 8
initial apicid	: 8
fpu		: yes
fpu_exception	: yes
cpuid level	: 20
wp		: yes
flags		: fpu vme de pse tsc msr pae mce cx8 apic sep mtrr pge mca cmov pat pse36 clflush dts acpi mmx fxsr sse sse2 ss ht tm pbe syscall nx pdpe1gb rdtscp lm constant_tsc arch_perfmon pebs bts rep_good nopl xtopology nonstop_tsc cpuid aperfmperf pni pclmulqdq dtes64 monitor ds_cpl vmx smx est tm2 ssse3 sdbg fma cx16 xtpr pdcm pcid dca sse4_1 sse4_2 x2apic movbe popcnt tsc_deadline_timer aes xsave avx f16c rdrand lahf_lm abm 3dnowprefetch cpuid_fault epb cat_l3 cdp_l3 invpcid_single pti intel_ppin ssbd ibrs ibpb stibp tpr_shadow vnmi flexpriority ept vpid fsgsbase tsc_adjust bmi1 hle avx2 smep bmi2 erms invpcid rtm cqm rdt_a rdseed adx smap intel_pt xsaveopt cqm_llc cqm_occup_llc cqm_mbm_total cqm_mbm_local dtherm arat pln pts flush_l1d
bugs		: cpu_meltdown spectre_v1 spectre_v2 spec_store_bypass l1tf
bogomips	: 3990.46
clflush size	: 64
cache_alignment	: 64
address sizes	: 46 bits physical, 48 bits virtual
power management:

processor	: 5
vendor_id	: GenuineIntel
cpu family	: 6
model		: 79
model name	: Intel(R) Xeon(R) CPU E7-4820 v4 @ 2.00GHz
stepping	: 1
microcode	: 0xb00002e
cpu MHz		: 1201.277
cache size	: 25600 KB
physical id	: 0
siblings	: 20
core id		: 8
cpu cores	: 10
apicid		: 16
initial apicid	: 16
fpu		: yes
fpu_exception	: yes
cpuid level	: 20
wp		: yes
flags		: fpu vme de pse tsc msr pae mce cx8 apic sep mtrr pge mca cmov pat pse36 clflush dts acpi mmx fxsr sse sse2 ss ht tm pbe syscall nx pdpe1gb rdtscp lm constant_tsc arch_perfmon pebs bts rep_good nopl xtopology nonstop_tsc cpuid aperfmperf pni pclmulqdq dtes64 monitor ds_cpl vmx smx est tm2 ssse3 sdbg fma cx16 xtpr pdcm pcid dca sse4_1 sse4_2 x2apic movbe popcnt tsc_deadline_timer aes xsave avx f16c rdrand lahf_lm abm 3dnowprefetch cpuid_fault epb cat_l3 cdp_l3 invpcid_single pti intel_ppin ssbd ibrs ibpb stibp tpr_shadow vnmi flexpriority ept vpid fsgsbase tsc_adjust bmi1 hle avx2 smep bmi2 erms invpcid rtm cqm rdt_a rdseed adx smap intel_pt xsaveopt cqm_llc cqm_occup_llc cqm_mbm_total cqm_mbm_local dtherm arat pln pts flush_l1d
bugs		: cpu_meltdown spectre_v1 spectre_v2 spec_store_bypass l1tf
bogomips	: 3990.46
clflush size	: 64
cache_alignment	: 64
address sizes	: 46 bits physical, 48 bits virtual
power management:

processor	: 6
vendor_id	: GenuineIntel
cpu family	: 6
model		: 79
model name	: Intel(R) Xeon(R) CPU E7-4820 v4 @ 2.00GHz
stepping	: 1
microcode	: 0xb00002e
cpu MHz		: 1201.170
cache size	: 25600 KB
physical id	: 0
siblings	: 20
core id		: 9
cpu cores	: 10
apicid		: 18
initial apicid	: 18
fpu		: yes
fpu_exception	: yes
cpuid level	: 20
wp		: yes
flags		: fpu vme de pse tsc msr pae mce cx8 apic sep mtrr pge mca cmov pat pse36 clflush dts acpi mmx fxsr sse sse2 ss ht tm pbe syscall nx pdpe1gb rdtscp lm constant_tsc arch_perfmon pebs bts rep_good nopl xtopology nonstop_tsc cpuid aperfmperf pni pclmulqdq dtes64 monitor ds_cpl vmx smx est tm2 ssse3 sdbg fma cx16 xtpr pdcm pcid dca sse4_1 sse4_2 x2apic movbe popcnt tsc_deadline_timer aes xsave avx f16c rdrand lahf_lm abm 3dnowprefetch cpuid_fault epb cat_l3 cdp_l3 invpcid_single pti intel_ppin ssbd ibrs ibpb stibp tpr_shadow vnmi flexpriority ept vpid fsgsbase tsc_adjust bmi1 hle avx2 smep bmi2 erms invpcid rtm cqm rdt_a rdseed adx smap intel_pt xsaveopt cqm_llc cqm_occup_llc cqm_mbm_total cqm_mbm_local dtherm arat pln pts flush_l1d
bugs		: cpu_meltdown spectre_v1 spectre_v2 spec_store_bypass l1tf
bogomips	: 3990.46
clflush size	: 64
cache_alignment	: 64
address sizes	: 46 bits physical, 48 bits virtual
power management:

processor	: 7
vendor_id	: GenuineIntel
cpu family	: 6
model		: 79
model name	: Intel(R) Xeon(R) CPU E7-4820 v4 @ 2.00GHz
stepping	: 1
microcode	: 0xb00002e
cpu MHz		: 1202.084
cache size	: 25600 KB
physical id	: 0
siblings	: 20
core id		: 10
cpu cores	: 10
apicid		: 20
initial apicid	: 20
fpu		: yes
fpu_exception	: yes
cpuid level	: 20
wp		: yes
flags		: fpu vme de pse tsc msr pae mce cx8 apic sep mtrr pge mca cmov pat pse36 clflush dts acpi mmx fxsr sse sse2 ss ht tm pbe syscall nx pdpe1gb rdtscp lm constant_tsc arch_perfmon pebs bts rep_good nopl xtopology nonstop_tsc cpuid aperfmperf pni pclmulqdq dtes64 monitor ds_cpl vmx smx est tm2 ssse3 sdbg fma cx16 xtpr pdcm pcid dca sse4_1 sse4_2 x2apic movbe popcnt tsc_deadline_timer aes xsave avx f16c rdrand lahf_lm abm 3dnowprefetch cpuid_fault epb cat_l3 cdp_l3 invpcid_single pti intel_ppin ssbd ibrs ibpb stibp tpr_shadow vnmi flexpriority ept vpid fsgsbase tsc_adjust bmi1 hle avx2 smep bmi2 erms invpcid rtm cqm rdt_a rdseed adx smap intel_pt xsaveopt cqm_llc cqm_occup_llc cqm_mbm_total cqm_mbm_local dtherm arat pln pts flush_l1d
bugs		: cpu_meltdown spectre_v1 spectre_v2 spec_store_bypass l1tf
bogomips	: 3990.46
clflush size	: 64
cache_alignment	: 64
address sizes	: 46 bits physical, 48 bits virtual
power management:

processor	: 8
vendor_id	: GenuineIntel
cpu family	: 6
model		: 79
model name	: Intel(R) Xeon(R) CPU E7-4820 v4 @ 2.00GHz
stepping	: 1
microcode	: 0xb00002e
cpu MHz		: 1201.052
cache size	: 25600 KB
physical id	: 0
siblings	: 20
core id		: 11
cpu cores	: 10
apicid		: 22
initial apicid	: 22
fpu		: yes
fpu_exception	: yes
cpuid level	: 20
wp		: yes
flags		: fpu vme de pse tsc msr pae mce cx8 apic sep mtrr pge mca cmov pat pse36 clflush dts acpi mmx fxsr sse sse2 ss ht tm pbe syscall nx pdpe1gb rdtscp lm constant_tsc arch_perfmon pebs bts rep_good nopl xtopology nonstop_tsc cpuid aperfmperf pni pclmulqdq dtes64 monitor ds_cpl vmx smx est tm2 ssse3 sdbg fma cx16 xtpr pdcm pcid dca sse4_1 sse4_2 x2apic movbe popcnt tsc_deadline_timer aes xsave avx f16c rdrand lahf_lm abm 3dnowprefetch cpuid_fault epb cat_l3 cdp_l3 invpcid_single pti intel_ppin ssbd ibrs ibpb stibp tpr_shadow vnmi flexpriority ept vpid fsgsbase tsc_adjust bmi1 hle avx2 smep bmi2 erms invpcid rtm cqm rdt_a rdseed adx smap intel_pt xsaveopt cqm_llc cqm_occup_llc cqm_mbm_total cqm_mbm_local dtherm arat pln pts flush_l1d
bugs		: cpu_meltdown spectre_v1 spectre_v2 spec_store_bypass l1tf
bogomips	: 3990.46
clflush size	: 64
cache_alignment	: 64
address sizes	: 46 bits physical, 48 bits virtual
power management:

processor	: 9
vendor_id	: GenuineIntel
cpu family	: 6
model		: 79
model name	: Intel(R) Xeon(R) CPU E7-4820 v4 @ 2.00GHz
stepping	: 1
microcode	: 0xb00002e
cpu MHz		: 1199.482
cache size	: 25600 KB
physical id	: 0
siblings	: 20
core id		: 12
cpu cores	: 10
apicid		: 24
initial apicid	: 24
fpu		: yes
fpu_exception	: yes
cpuid level	: 20
wp		: yes
flags		: fpu vme de pse tsc msr pae mce cx8 apic sep mtrr pge mca cmov pat pse36 clflush dts acpi mmx fxsr sse sse2 ss ht tm pbe syscall nx pdpe1gb rdtscp lm constant_tsc arch_perfmon pebs bts rep_good nopl xtopology nonstop_tsc cpuid aperfmperf pni pclmulqdq dtes64 monitor ds_cpl vmx smx est tm2 ssse3 sdbg fma cx16 xtpr pdcm pcid dca sse4_1 sse4_2 x2apic movbe popcnt tsc_deadline_timer aes xsave avx f16c rdrand lahf_lm abm 3dnowprefetch cpuid_fault epb cat_l3 cdp_l3 invpcid_single pti intel_ppin ssbd ibrs ibpb stibp tpr_shadow vnmi flexpriority ept vpid fsgsbase tsc_adjust bmi1 hle avx2 smep bmi2 erms invpcid rtm cqm rdt_a rdseed adx smap intel_pt xsaveopt cqm_llc cqm_occup_llc cqm_mbm_total cqm_mbm_local dtherm arat pln pts flush_l1d
bugs		: cpu_meltdown spectre_v1 spectre_v2 spec_store_bypass l1tf
bogomips	: 3990.46
clflush size	: 64
cache_alignment	: 64
address sizes	: 46 bits physical, 48 bits virtual
power management:

processor	: 10
vendor_id	: GenuineIntel
cpu family	: 6
model		: 79
model name	: Intel(R) Xeon(R) CPU E7-4820 v4 @ 2.00GHz
stepping	: 1
microcode	: 0xb00002e
cpu MHz		: 1198.867
cache size	: 25600 KB
physical id	: 1
siblings	: 20
core id		: 0
cpu cores	: 10
apicid		: 32
initial apicid	: 32
fpu		: yes
fpu_exception	: yes
cpuid level	: 20
wp		: yes
flags		: fpu vme de pse tsc msr pae mce cx8 apic sep mtrr pge mca cmov pat pse36 clflush dts acpi mmx fxsr sse sse2 ss ht tm pbe syscall nx pdpe1gb rdtscp lm constant_tsc arch_perfmon pebs bts rep_good nopl xtopology nonstop_tsc cpuid aperfmperf pni pclmulqdq dtes64 monitor ds_cpl vmx smx est tm2 ssse3 sdbg fma cx16 xtpr pdcm pcid dca sse4_1 sse4_2 x2apic movbe popcnt tsc_deadline_timer aes xsave avx f16c rdrand lahf_lm abm 3dnowprefetch cpuid_fault epb cat_l3 cdp_l3 invpcid_single pti intel_ppin ssbd ibrs ibpb stibp tpr_shadow vnmi flexpriority ept vpid fsgsbase tsc_adjust bmi1 hle avx2 smep bmi2 erms invpcid rtm cqm rdt_a rdseed adx smap intel_pt xsaveopt cqm_llc cqm_occup_llc cqm_mbm_total cqm_mbm_local dtherm arat pln pts flush_l1d
bugs		: cpu_meltdown spectre_v1 spectre_v2 spec_store_bypass l1tf
bogomips	: 4023.25
clflush size	: 64
cache_alignment	: 64
address sizes	: 46 bits physical, 48 bits virtual
power management:

processor	: 11
vendor_id	: GenuineIntel
cpu family	: 6
model		: 79
model name	: Intel(R) Xeon(R) CPU E7-4820 v4 @ 2.00GHz
stepping	: 1
microcode	: 0xb00002e
cpu MHz		: 1199.206
cache size	: 25600 KB
physical id	: 1
siblings	: 20
core id		: 1
cpu cores	: 10
apicid		: 34
initial apicid	: 34
fpu		: yes
fpu_exception	: yes
cpuid level	: 20
wp		: yes
flags		: fpu vme de pse tsc msr pae mce cx8 apic sep mtrr pge mca cmov pat pse36 clflush dts acpi mmx fxsr sse sse2 ss ht tm pbe syscall nx pdpe1gb rdtscp lm constant_tsc arch_perfmon pebs bts rep_good nopl xtopology nonstop_tsc cpuid aperfmperf pni pclmulqdq dtes64 monitor ds_cpl vmx smx est tm2 ssse3 sdbg fma cx16 xtpr pdcm pcid dca sse4_1 sse4_2 x2apic movbe popcnt tsc_deadline_timer aes xsave avx f16c rdrand lahf_lm abm 3dnowprefetch cpuid_fault epb cat_l3 cdp_l3 invpcid_single pti intel_ppin ssbd ibrs ibpb stibp tpr_shadow vnmi flexpriority ept vpid fsgsbase tsc_adjust bmi1 hle avx2 smep bmi2 erms invpcid rtm cqm rdt_a rdseed adx smap intel_pt xsaveopt cqm_llc cqm_occup_llc cqm_mbm_total cqm_mbm_local dtherm arat pln pts flush_l1d
bugs		: cpu_meltdown spectre_v1 spectre_v2 spec_store_bypass l1tf
bogomips	: 4023.25
clflush size	: 64
cache_alignment	: 64
address sizes	: 46 bits physical, 48 bits virtual
power management:

processor	: 12
vendor_id	: GenuineIntel
cpu family	: 6
model		: 79
model name	: Intel(R) Xeon(R) CPU E7-4820 v4 @ 2.00GHz
stepping	: 1
microcode	: 0xb00002e
cpu MHz		: 1201.057
cache size	: 25600 KB
physical id	: 1
siblings	: 20
core id		: 2
cpu cores	: 10
apicid		: 36
initial apicid	: 36
fpu		: yes
fpu_exception	: yes
cpuid level	: 20
wp		: yes
flags		: fpu vme de pse tsc msr pae mce cx8 apic sep mtrr pge mca cmov pat pse36 clflush dts acpi mmx fxsr sse sse2 ss ht tm pbe syscall nx pdpe1gb rdtscp lm constant_tsc arch_perfmon pebs bts rep_good nopl xtopology nonstop_tsc cpuid aperfmperf pni pclmulqdq dtes64 monitor ds_cpl vmx smx est tm2 ssse3 sdbg fma cx16 xtpr pdcm pcid dca sse4_1 sse4_2 x2apic movbe popcnt tsc_deadline_timer aes xsave avx f16c rdrand lahf_lm abm 3dnowprefetch cpuid_fault epb cat_l3 cdp_l3 invpcid_single pti intel_ppin ssbd ibrs ibpb stibp tpr_shadow vnmi flexpriority ept vpid fsgsbase tsc_adjust bmi1 hle avx2 smep bmi2 erms invpcid rtm cqm rdt_a rdseed adx smap intel_pt xsaveopt cqm_llc cqm_occup_llc cqm_mbm_total cqm_mbm_local dtherm arat pln pts flush_l1d
bugs		: cpu_meltdown spectre_v1 spectre_v2 spec_store_bypass l1tf
bogomips	: 4023.25
clflush size	: 64
cache_alignment	: 64
address sizes	: 46 bits physical, 48 bits virtual
power management:

processor	: 13
vendor_id	: GenuineIntel
cpu family	: 6
model		: 79
model name	: Intel(R) Xeon(R) CPU E7-4820 v4 @ 2.00GHz
stepping	: 1
microcode	: 0xb00002e
cpu MHz		: 1198.328
cache size	: 25600 KB
physical id	: 1
siblings	: 20
core id		: 3
cpu cores	: 10
apicid		: 38
initial apicid	: 38
fpu		: yes
fpu_exception	: yes
cpuid level	: 20
wp		: yes
flags		: fpu vme de pse tsc msr pae mce cx8 apic sep mtrr pge mca cmov pat pse36 clflush dts acpi mmx fxsr sse sse2 ss ht tm pbe syscall nx pdpe1gb rdtscp lm constant_tsc arch_perfmon pebs bts rep_good nopl xtopology nonstop_tsc cpuid aperfmperf pni pclmulqdq dtes64 monitor ds_cpl vmx smx est tm2 ssse3 sdbg fma cx16 xtpr pdcm pcid dca sse4_1 sse4_2 x2apic movbe popcnt tsc_deadline_timer aes xsave avx f16c rdrand lahf_lm abm 3dnowprefetch cpuid_fault epb cat_l3 cdp_l3 invpcid_single pti intel_ppin ssbd ibrs ibpb stibp tpr_shadow vnmi flexpriority ept vpid fsgsbase tsc_adjust bmi1 hle avx2 smep bmi2 erms invpcid rtm cqm rdt_a rdseed adx smap intel_pt xsaveopt cqm_llc cqm_occup_llc cqm_mbm_total cqm_mbm_local dtherm arat pln pts flush_l1d
bugs		: cpu_meltdown spectre_v1 spectre_v2 spec_store_bypass l1tf
bogomips	: 4023.25
clflush size	: 64
cache_alignment	: 64
address sizes	: 46 bits physical, 48 bits virtual
power management:

processor	: 14
vendor_id	: GenuineIntel
cpu family	: 6
model		: 79
model name	: Intel(R) Xeon(R) CPU E7-4820 v4 @ 2.00GHz
stepping	: 1
microcode	: 0xb00002e
cpu MHz		: 1199.112
cache size	: 25600 KB
physical id	: 1
siblings	: 20
core id		: 4
cpu cores	: 10
apicid		: 40
initial apicid	: 40
fpu		: yes
fpu_exception	: yes
cpuid level	: 20
wp		: yes
flags		: fpu vme de pse tsc msr pae mce cx8 apic sep mtrr pge mca cmov pat pse36 clflush dts acpi mmx fxsr sse sse2 ss ht tm pbe syscall nx pdpe1gb rdtscp lm constant_tsc arch_perfmon pebs bts rep_good nopl xtopology nonstop_tsc cpuid aperfmperf pni pclmulqdq dtes64 monitor ds_cpl vmx smx est tm2 ssse3 sdbg fma cx16 xtpr pdcm pcid dca sse4_1 sse4_2 x2apic movbe popcnt tsc_deadline_timer aes xsave avx f16c rdrand lahf_lm abm 3dnowprefetch cpuid_fault epb cat_l3 cdp_l3 invpcid_single pti intel_ppin ssbd ibrs ibpb stibp tpr_shadow vnmi flexpriority ept vpid fsgsbase tsc_adjust bmi1 hle avx2 smep bmi2 erms invpcid rtm cqm rdt_a rdseed adx smap intel_pt xsaveopt cqm_llc cqm_occup_llc cqm_mbm_total cqm_mbm_local dtherm arat pln pts flush_l1d
bugs		: cpu_meltdown spectre_v1 spectre_v2 spec_store_bypass l1tf
bogomips	: 4023.25
clflush size	: 64
cache_alignment	: 64
address sizes	: 46 bits physical, 48 bits virtual
power management:

processor	: 15
vendor_id	: GenuineIntel
cpu family	: 6
model		: 79
model name	: Intel(R) Xeon(R) CPU E7-4820 v4 @ 2.00GHz
stepping	: 1
microcode	: 0xb00002e
cpu MHz		: 1200.489
cache size	: 25600 KB
physical id	: 1
siblings	: 20
core id		: 8
cpu cores	: 10
apicid		: 48
initial apicid	: 48
fpu		: yes
fpu_exception	: yes
cpuid level	: 20
wp		: yes
flags		: fpu vme de pse tsc msr pae mce cx8 apic sep mtrr pge mca cmov pat pse36 clflush dts acpi mmx fxsr sse sse2 ss ht tm pbe syscall nx pdpe1gb rdtscp lm constant_tsc arch_perfmon pebs bts rep_good nopl xtopology nonstop_tsc cpuid aperfmperf pni pclmulqdq dtes64 monitor ds_cpl vmx smx est tm2 ssse3 sdbg fma cx16 xtpr pdcm pcid dca sse4_1 sse4_2 x2apic movbe popcnt tsc_deadline_timer aes xsave avx f16c rdrand lahf_lm abm 3dnowprefetch cpuid_fault epb cat_l3 cdp_l3 invpcid_single pti intel_ppin ssbd ibrs ibpb stibp tpr_shadow vnmi flexpriority ept vpid fsgsbase tsc_adjust bmi1 hle avx2 smep bmi2 erms invpcid rtm cqm rdt_a rdseed adx smap intel_pt xsaveopt cqm_llc cqm_occup_llc cqm_mbm_total cqm_mbm_local dtherm arat pln pts flush_l1d
bugs		: cpu_meltdown spectre_v1 spectre_v2 spec_store_bypass l1tf
bogomips	: 4023.25
clflush size	: 64
cache_alignment	: 64
address sizes	: 46 bits physical, 48 bits virtual
power management:

processor	: 16
vendor_id	: GenuineIntel
cpu family	: 6
model		: 79
model name	: Intel(R) Xeon(R) CPU E7-4820 v4 @ 2.00GHz
stepping	: 1
microcode	: 0xb00002e
cpu MHz		: 1200.475
cache size	: 25600 KB
physical id	: 1
siblings	: 20
core id		: 9
cpu cores	: 10
apicid		: 50
initial apicid	: 50
fpu		: yes
fpu_exception	: yes
cpuid level	: 20
wp		: yes
flags		: fpu vme de pse tsc msr pae mce cx8 apic sep mtrr pge mca cmov pat pse36 clflush dts acpi mmx fxsr sse sse2 ss ht tm pbe syscall nx pdpe1gb rdtscp lm constant_tsc arch_perfmon pebs bts rep_good nopl xtopology nonstop_tsc cpuid aperfmperf pni pclmulqdq dtes64 monitor ds_cpl vmx smx est tm2 ssse3 sdbg fma cx16 xtpr pdcm pcid dca sse4_1 sse4_2 x2apic movbe popcnt tsc_deadline_timer aes xsave avx f16c rdrand lahf_lm abm 3dnowprefetch cpuid_fault epb cat_l3 cdp_l3 invpcid_single pti intel_ppin ssbd ibrs ibpb stibp tpr_shadow vnmi flexpriority ept vpid fsgsbase tsc_adjust bmi1 hle avx2 smep bmi2 erms invpcid rtm cqm rdt_a rdseed adx smap intel_pt xsaveopt cqm_llc cqm_occup_llc cqm_mbm_total cqm_mbm_local dtherm arat pln pts flush_l1d
bugs		: cpu_meltdown spectre_v1 spectre_v2 spec_store_bypass l1tf
bogomips	: 4023.25
clflush size	: 64
cache_alignment	: 64
address sizes	: 46 bits physical, 48 bits virtual
power management:

processor	: 17
vendor_id	: GenuineIntel
cpu family	: 6
model		: 79
model name	: Intel(R) Xeon(R) CPU E7-4820 v4 @ 2.00GHz
stepping	: 1
microcode	: 0xb00002e
cpu MHz		: 1200.899
cache size	: 25600 KB
physical id	: 1
siblings	: 20
core id		: 10
cpu cores	: 10
apicid		: 52
initial apicid	: 52
fpu		: yes
fpu_exception	: yes
cpuid level	: 20
wp		: yes
flags		: fpu vme de pse tsc msr pae mce cx8 apic sep mtrr pge mca cmov pat pse36 clflush dts acpi mmx fxsr sse sse2 ss ht tm pbe syscall nx pdpe1gb rdtscp lm constant_tsc arch_perfmon pebs bts rep_good nopl xtopology nonstop_tsc cpuid aperfmperf pni pclmulqdq dtes64 monitor ds_cpl vmx smx est tm2 ssse3 sdbg fma cx16 xtpr pdcm pcid dca sse4_1 sse4_2 x2apic movbe popcnt tsc_deadline_timer aes xsave avx f16c rdrand lahf_lm abm 3dnowprefetch cpuid_fault epb cat_l3 cdp_l3 invpcid_single pti intel_ppin ssbd ibrs ibpb stibp tpr_shadow vnmi flexpriority ept vpid fsgsbase tsc_adjust bmi1 hle avx2 smep bmi2 erms invpcid rtm cqm rdt_a rdseed adx smap intel_pt xsaveopt cqm_llc cqm_occup_llc cqm_mbm_total cqm_mbm_local dtherm arat pln pts flush_l1d
bugs		: cpu_meltdown spectre_v1 spectre_v2 spec_store_bypass l1tf
bogomips	: 4023.25
clflush size	: 64
cache_alignment	: 64
address sizes	: 46 bits physical, 48 bits virtual
power management:

processor	: 18
vendor_id	: GenuineIntel
cpu family	: 6
model		: 79
model name	: Intel(R) Xeon(R) CPU E7-4820 v4 @ 2.00GHz
stepping	: 1
microcode	: 0xb00002e
cpu MHz		: 1200.424
cache size	: 25600 KB
physical id	: 1
siblings	: 20
core id		: 11
cpu cores	: 10
apicid		: 54
initial apicid	: 54
fpu		: yes
fpu_exception	: yes
cpuid level	: 20
wp		: yes
flags		: fpu vme de pse tsc msr pae mce cx8 apic sep mtrr pge mca cmov pat pse36 clflush dts acpi mmx fxsr sse sse2 ss ht tm pbe syscall nx pdpe1gb rdtscp lm constant_tsc arch_perfmon pebs bts rep_good nopl xtopology nonstop_tsc cpuid aperfmperf pni pclmulqdq dtes64 monitor ds_cpl vmx smx est tm2 ssse3 sdbg fma cx16 xtpr pdcm pcid dca sse4_1 sse4_2 x2apic movbe popcnt tsc_deadline_timer aes xsave avx f16c rdrand lahf_lm abm 3dnowprefetch cpuid_fault epb cat_l3 cdp_l3 invpcid_single pti intel_ppin ssbd ibrs ibpb stibp tpr_shadow vnmi flexpriority ept vpid fsgsbase tsc_adjust bmi1 hle avx2 smep bmi2 erms invpcid rtm cqm rdt_a rdseed adx smap intel_pt xsaveopt cqm_llc cqm_occup_llc cqm_mbm_total cqm_mbm_local dtherm arat pln pts flush_l1d
bugs		: cpu_meltdown spectre_v1 spectre_v2 spec_store_bypass l1tf
bogomips	: 4023.25
clflush size	: 64
cache_alignment	: 64
address sizes	: 46 bits physical, 48 bits virtual
power management:

processor	: 19
vendor_id	: GenuineIntel
cpu family	: 6
model		: 79
model name	: Intel(R) Xeon(R) CPU E7-4820 v4 @ 2.00GHz
stepping	: 1
microcode	: 0xb00002e
cpu MHz		: 1996.705
cache size	: 25600 KB
physical id	: 1
siblings	: 20
core id		: 12
cpu cores	: 10
apicid		: 56
initial apicid	: 56
fpu		: yes
fpu_exception	: yes
cpuid level	: 20
wp		: yes
flags		: fpu vme de pse tsc msr pae mce cx8 apic sep mtrr pge mca cmov pat pse36 clflush dts acpi mmx fxsr sse sse2 ss ht tm pbe syscall nx pdpe1gb rdtscp lm constant_tsc arch_perfmon pebs bts rep_good nopl xtopology nonstop_tsc cpuid aperfmperf pni pclmulqdq dtes64 monitor ds_cpl vmx smx est tm2 ssse3 sdbg fma cx16 xtpr pdcm pcid dca sse4_1 sse4_2 x2apic movbe popcnt tsc_deadline_timer aes xsave avx f16c rdrand lahf_lm abm 3dnowprefetch cpuid_fault epb cat_l3 cdp_l3 invpcid_single pti intel_ppin ssbd ibrs ibpb stibp tpr_shadow vnmi flexpriority ept vpid fsgsbase tsc_adjust bmi1 hle avx2 smep bmi2 erms invpcid rtm cqm rdt_a rdseed adx smap intel_pt xsaveopt cqm_llc cqm_occup_llc cqm_mbm_total cqm_mbm_local dtherm arat pln pts flush_l1d
bugs		: cpu_meltdown spectre_v1 spectre_v2 spec_store_bypass l1tf
bogomips	: 4023.25
clflush size	: 64
cache_alignment	: 64
address sizes	: 46 bits physical, 48 bits virtual
power management:

processor	: 20
vendor_id	: GenuineIntel
cpu family	: 6
model		: 79
model name	: Intel(R) Xeon(R) CPU E7-4820 v4 @ 2.00GHz
stepping	: 1
microcode	: 0xb00002e
cpu MHz		: 1995.231
cache size	: 25600 KB
physical id	: 0
siblings	: 20
core id		: 0
cpu cores	: 10
apicid		: 1
initial apicid	: 1
fpu		: yes
fpu_exception	: yes
cpuid level	: 20
wp		: yes
flags		: fpu vme de pse tsc msr pae mce cx8 apic sep mtrr pge mca cmov pat pse36 clflush dts acpi mmx fxsr sse sse2 ss ht tm pbe syscall nx pdpe1gb rdtscp lm constant_tsc arch_perfmon pebs bts rep_good nopl xtopology nonstop_tsc cpuid aperfmperf pni pclmulqdq dtes64 monitor ds_cpl vmx smx est tm2 ssse3 sdbg fma cx16 xtpr pdcm pcid dca sse4_1 sse4_2 x2apic movbe popcnt tsc_deadline_timer aes xsave avx f16c rdrand lahf_lm abm 3dnowprefetch cpuid_fault epb cat_l3 cdp_l3 invpcid_single pti intel_ppin ssbd ibrs ibpb stibp tpr_shadow vnmi flexpriority ept vpid fsgsbase tsc_adjust bmi1 hle avx2 smep bmi2 erms invpcid rtm cqm rdt_a rdseed adx smap intel_pt xsaveopt cqm_llc cqm_occup_llc cqm_mbm_total cqm_mbm_local dtherm arat pln pts flush_l1d
bugs		: cpu_meltdown spectre_v1 spectre_v2 spec_store_bypass l1tf
bogomips	: 3990.46
clflush size	: 64
cache_alignment	: 64
address sizes	: 46 bits physical, 48 bits virtual
power management:

processor	: 21
vendor_id	: GenuineIntel
cpu family	: 6
model		: 79
model name	: Intel(R) Xeon(R) CPU E7-4820 v4 @ 2.00GHz
stepping	: 1
microcode	: 0xb00002e
cpu MHz		: 1197.662
cache size	: 25600 KB
physical id	: 0
siblings	: 20
core id		: 1
cpu cores	: 10
apicid		: 3
initial apicid	: 3
fpu		: yes
fpu_exception	: yes
cpuid level	: 20
wp		: yes
flags		: fpu vme de pse tsc msr pae mce cx8 apic sep mtrr pge mca cmov pat pse36 clflush dts acpi mmx fxsr sse sse2 ss ht tm pbe syscall nx pdpe1gb rdtscp lm constant_tsc arch_perfmon pebs bts rep_good nopl xtopology nonstop_tsc cpuid aperfmperf pni pclmulqdq dtes64 monitor ds_cpl vmx smx est tm2 ssse3 sdbg fma cx16 xtpr pdcm pcid dca sse4_1 sse4_2 x2apic movbe popcnt tsc_deadline_timer aes xsave avx f16c rdrand lahf_lm abm 3dnowprefetch cpuid_fault epb cat_l3 cdp_l3 invpcid_single pti intel_ppin ssbd ibrs ibpb stibp tpr_shadow vnmi flexpriority ept vpid fsgsbase tsc_adjust bmi1 hle avx2 smep bmi2 erms invpcid rtm cqm rdt_a rdseed adx smap intel_pt xsaveopt cqm_llc cqm_occup_llc cqm_mbm_total cqm_mbm_local dtherm arat pln pts flush_l1d
bugs		: cpu_meltdown spectre_v1 spectre_v2 spec_store_bypass l1tf
bogomips	: 3990.46
clflush size	: 64
cache_alignment	: 64
address sizes	: 46 bits physical, 48 bits virtual
power management:

processor	: 22
vendor_id	: GenuineIntel
cpu family	: 6
model		: 79
model name	: Intel(R) Xeon(R) CPU E7-4820 v4 @ 2.00GHz
stepping	: 1
microcode	: 0xb00002e
cpu MHz		: 1202.396
cache size	: 25600 KB
physical id	: 0
siblings	: 20
core id		: 2
cpu cores	: 10
apicid		: 5
initial apicid	: 5
fpu		: yes
fpu_exception	: yes
cpuid level	: 20
wp		: yes
flags		: fpu vme de pse tsc msr pae mce cx8 apic sep mtrr pge mca cmov pat pse36 clflush dts acpi mmx fxsr sse sse2 ss ht tm pbe syscall nx pdpe1gb rdtscp lm constant_tsc arch_perfmon pebs bts rep_good nopl xtopology nonstop_tsc cpuid aperfmperf pni pclmulqdq dtes64 monitor ds_cpl vmx smx est tm2 ssse3 sdbg fma cx16 xtpr pdcm pcid dca sse4_1 sse4_2 x2apic movbe popcnt tsc_deadline_timer aes xsave avx f16c rdrand lahf_lm abm 3dnowprefetch cpuid_fault epb cat_l3 cdp_l3 invpcid_single pti intel_ppin ssbd ibrs ibpb stibp tpr_shadow vnmi flexpriority ept vpid fsgsbase tsc_adjust bmi1 hle avx2 smep bmi2 erms invpcid rtm cqm rdt_a rdseed adx smap intel_pt xsaveopt cqm_llc cqm_occup_llc cqm_mbm_total cqm_mbm_local dtherm arat pln pts flush_l1d
bugs		: cpu_meltdown spectre_v1 spectre_v2 spec_store_bypass l1tf
bogomips	: 3990.46
clflush size	: 64
cache_alignment	: 64
address sizes	: 46 bits physical, 48 bits virtual
power management:

processor	: 23
vendor_id	: GenuineIntel
cpu family	: 6
model		: 79
model name	: Intel(R) Xeon(R) CPU E7-4820 v4 @ 2.00GHz
stepping	: 1
microcode	: 0xb00002e
cpu MHz		: 1203.206
cache size	: 25600 KB
physical id	: 0
siblings	: 20
core id		: 3
cpu cores	: 10
apicid		: 7
initial apicid	: 7
fpu		: yes
fpu_exception	: yes
cpuid level	: 20
wp		: yes
flags		: fpu vme de pse tsc msr pae mce cx8 apic sep mtrr pge mca cmov pat pse36 clflush dts acpi mmx fxsr sse sse2 ss ht tm pbe syscall nx pdpe1gb rdtscp lm constant_tsc arch_perfmon pebs bts rep_good nopl xtopology nonstop_tsc cpuid aperfmperf pni pclmulqdq dtes64 monitor ds_cpl vmx smx est tm2 ssse3 sdbg fma cx16 xtpr pdcm pcid dca sse4_1 sse4_2 x2apic movbe popcnt tsc_deadline_timer aes xsave avx f16c rdrand lahf_lm abm 3dnowprefetch cpuid_fault epb cat_l3 cdp_l3 invpcid_single pti intel_ppin ssbd ibrs ibpb stibp tpr_shadow vnmi flexpriority ept vpid fsgsbase tsc_adjust bmi1 hle avx2 smep bmi2 erms invpcid rtm cqm rdt_a rdseed adx smap intel_pt xsaveopt cqm_llc cqm_occup_llc cqm_mbm_total cqm_mbm_local dtherm arat pln pts flush_l1d
bugs		: cpu_meltdown spectre_v1 spectre_v2 spec_store_bypass l1tf
bogomips	: 3990.46
clflush size	: 64
cache_alignment	: 64
address sizes	: 46 bits physical, 48 bits virtual
power management:

processor	: 24
vendor_id	: GenuineIntel
cpu family	: 6
model		: 79
model name	: Intel(R) Xeon(R) CPU E7-4820 v4 @ 2.00GHz
stepping	: 1
microcode	: 0xb00002e
cpu MHz		: 1198.660
cache size	: 25600 KB
physical id	: 0
siblings	: 20
core id		: 4
cpu cores	: 10
apicid		: 9
initial apicid	: 9
fpu		: yes
fpu_exception	: yes
cpuid level	: 20
wp		: yes
flags		: fpu vme de pse tsc msr pae mce cx8 apic sep mtrr pge mca cmov pat pse36 clflush dts acpi mmx fxsr sse sse2 ss ht tm pbe syscall nx pdpe1gb rdtscp lm constant_tsc arch_perfmon pebs bts rep_good nopl xtopology nonstop_tsc cpuid aperfmperf pni pclmulqdq dtes64 monitor ds_cpl vmx smx est tm2 ssse3 sdbg fma cx16 xtpr pdcm pcid dca sse4_1 sse4_2 x2apic movbe popcnt tsc_deadline_timer aes xsave avx f16c rdrand lahf_lm abm 3dnowprefetch cpuid_fault epb cat_l3 cdp_l3 invpcid_single pti intel_ppin ssbd ibrs ibpb stibp tpr_shadow vnmi flexpriority ept vpid fsgsbase tsc_adjust bmi1 hle avx2 smep bmi2 erms invpcid rtm cqm rdt_a rdseed adx smap intel_pt xsaveopt cqm_llc cqm_occup_llc cqm_mbm_total cqm_mbm_local dtherm arat pln pts flush_l1d
bugs		: cpu_meltdown spectre_v1 spectre_v2 spec_store_bypass l1tf
bogomips	: 3990.46
clflush size	: 64
cache_alignment	: 64
address sizes	: 46 bits physical, 48 bits virtual
power management:

processor	: 25
vendor_id	: GenuineIntel
cpu family	: 6
model		: 79
model name	: Intel(R) Xeon(R) CPU E7-4820 v4 @ 2.00GHz
stepping	: 1
microcode	: 0xb00002e
cpu MHz		: 1198.691
cache size	: 25600 KB
physical id	: 0
siblings	: 20
core id		: 8
cpu cores	: 10
apicid		: 17
initial apicid	: 17
fpu		: yes
fpu_exception	: yes
cpuid level	: 20
wp		: yes
flags		: fpu vme de pse tsc msr pae mce cx8 apic sep mtrr pge mca cmov pat pse36 clflush dts acpi mmx fxsr sse sse2 ss ht tm pbe syscall nx pdpe1gb rdtscp lm constant_tsc arch_perfmon pebs bts rep_good nopl xtopology nonstop_tsc cpuid aperfmperf pni pclmulqdq dtes64 monitor ds_cpl vmx smx est tm2 ssse3 sdbg fma cx16 xtpr pdcm pcid dca sse4_1 sse4_2 x2apic movbe popcnt tsc_deadline_timer aes xsave avx f16c rdrand lahf_lm abm 3dnowprefetch cpuid_fault epb cat_l3 cdp_l3 invpcid_single pti intel_ppin ssbd ibrs ibpb stibp tpr_shadow vnmi flexpriority ept vpid fsgsbase tsc_adjust bmi1 hle avx2 smep bmi2 erms invpcid rtm cqm rdt_a rdseed adx smap intel_pt xsaveopt cqm_llc cqm_occup_llc cqm_mbm_total cqm_mbm_local dtherm arat pln pts flush_l1d
bugs		: cpu_meltdown spectre_v1 spectre_v2 spec_store_bypass l1tf
bogomips	: 3990.46
clflush size	: 64
cache_alignment	: 64
address sizes	: 46 bits physical, 48 bits virtual
power management:

processor	: 26
vendor_id	: GenuineIntel
cpu family	: 6
model		: 79
model name	: Intel(R) Xeon(R) CPU E7-4820 v4 @ 2.00GHz
stepping	: 1
microcode	: 0xb00002e
cpu MHz		: 1198.165
cache size	: 25600 KB
physical id	: 0
siblings	: 20
core id		: 9
cpu cores	: 10
apicid		: 19
initial apicid	: 19
fpu		: yes
fpu_exception	: yes
cpuid level	: 20
wp		: yes
flags		: fpu vme de pse tsc msr pae mce cx8 apic sep mtrr pge mca cmov pat pse36 clflush dts acpi mmx fxsr sse sse2 ss ht tm pbe syscall nx pdpe1gb rdtscp lm constant_tsc arch_perfmon pebs bts rep_good nopl xtopology nonstop_tsc cpuid aperfmperf pni pclmulqdq dtes64 monitor ds_cpl vmx smx est tm2 ssse3 sdbg fma cx16 xtpr pdcm pcid dca sse4_1 sse4_2 x2apic movbe popcnt tsc_deadline_timer aes xsave avx f16c rdrand lahf_lm abm 3dnowprefetch cpuid_fault epb cat_l3 cdp_l3 invpcid_single pti intel_ppin ssbd ibrs ibpb stibp tpr_shadow vnmi flexpriority ept vpid fsgsbase tsc_adjust bmi1 hle avx2 smep bmi2 erms invpcid rtm cqm rdt_a rdseed adx smap intel_pt xsaveopt cqm_llc cqm_occup_llc cqm_mbm_total cqm_mbm_local dtherm arat pln pts flush_l1d
bugs		: cpu_meltdown spectre_v1 spectre_v2 spec_store_bypass l1tf
bogomips	: 3990.46
clflush size	: 64
cache_alignment	: 64
address sizes	: 46 bits physical, 48 bits virtual
power management:

processor	: 27
vendor_id	: GenuineIntel
cpu family	: 6
model		: 79
model name	: Intel(R) Xeon(R) CPU E7-4820 v4 @ 2.00GHz
stepping	: 1
microcode	: 0xb00002e
cpu MHz		: 1199.266
cache size	: 25600 KB
physical id	: 0
siblings	: 20
core id		: 10
cpu cores	: 10
apicid		: 21
initial apicid	: 21
fpu		: yes
fpu_exception	: yes
cpuid level	: 20
wp		: yes
flags		: fpu vme de pse tsc msr pae mce cx8 apic sep mtrr pge mca cmov pat pse36 clflush dts acpi mmx fxsr sse sse2 ss ht tm pbe syscall nx pdpe1gb rdtscp lm constant_tsc arch_perfmon pebs bts rep_good nopl xtopology nonstop_tsc cpuid aperfmperf pni pclmulqdq dtes64 monitor ds_cpl vmx smx est tm2 ssse3 sdbg fma cx16 xtpr pdcm pcid dca sse4_1 sse4_2 x2apic movbe popcnt tsc_deadline_timer aes xsave avx f16c rdrand lahf_lm abm 3dnowprefetch cpuid_fault epb cat_l3 cdp_l3 invpcid_single pti intel_ppin ssbd ibrs ibpb stibp tpr_shadow vnmi flexpriority ept vpid fsgsbase tsc_adjust bmi1 hle avx2 smep bmi2 erms invpcid rtm cqm rdt_a rdseed adx smap intel_pt xsaveopt cqm_llc cqm_occup_llc cqm_mbm_total cqm_mbm_local dtherm arat pln pts flush_l1d
bugs		: cpu_meltdown spectre_v1 spectre_v2 spec_store_bypass l1tf
bogomips	: 3990.46
clflush size	: 64
cache_alignment	: 64
address sizes	: 46 bits physical, 48 bits virtual
power management:

processor	: 28
vendor_id	: GenuineIntel
cpu family	: 6
model		: 79
model name	: Intel(R) Xeon(R) CPU E7-4820 v4 @ 2.00GHz
stepping	: 1
microcode	: 0xb00002e
cpu MHz		: 1197.143
cache size	: 25600 KB
physical id	: 0
siblings	: 20
core id		: 11
cpu cores	: 10
apicid		: 23
initial apicid	: 23
fpu		: yes
fpu_exception	: yes
cpuid level	: 20
wp		: yes
flags		: fpu vme de pse tsc msr pae mce cx8 apic sep mtrr pge mca cmov pat pse36 clflush dts acpi mmx fxsr sse sse2 ss ht tm pbe syscall nx pdpe1gb rdtscp lm constant_tsc arch_perfmon pebs bts rep_good nopl xtopology nonstop_tsc cpuid aperfmperf pni pclmulqdq dtes64 monitor ds_cpl vmx smx est tm2 ssse3 sdbg fma cx16 xtpr pdcm pcid dca sse4_1 sse4_2 x2apic movbe popcnt tsc_deadline_timer aes xsave avx f16c rdrand lahf_lm abm 3dnowprefetch cpuid_fault epb cat_l3 cdp_l3 invpcid_single pti intel_ppin ssbd ibrs ibpb stibp tpr_shadow vnmi flexpriority ept vpid fsgsbase tsc_adjust bmi1 hle avx2 smep bmi2 erms invpcid rtm cqm rdt_a rdseed adx smap intel_pt xsaveopt cqm_llc cqm_occup_llc cqm_mbm_total cqm_mbm_local dtherm arat pln pts flush_l1d
bugs		: cpu_meltdown spectre_v1 spectre_v2 spec_store_bypass l1tf
bogomips	: 3990.46
clflush size	: 64
cache_alignment	: 64
address sizes	: 46 bits physical, 48 bits virtual
power management:

processor	: 29
vendor_id	: GenuineIntel
cpu family	: 6
model		: 79
model name	: Intel(R) Xeon(R) CPU E7-4820 v4 @ 2.00GHz
stepping	: 1
microcode	: 0xb00002e
cpu MHz		: 1198.978
cache size	: 25600 KB
physical id	: 0
siblings	: 20
core id		: 12
cpu cores	: 10
apicid		: 25
initial apicid	: 25
fpu		: yes
fpu_exception	: yes
cpuid level	: 20
wp		: yes
flags		: fpu vme de pse tsc msr pae mce cx8 apic sep mtrr pge mca cmov pat pse36 clflush dts acpi mmx fxsr sse sse2 ss ht tm pbe syscall nx pdpe1gb rdtscp lm constant_tsc arch_perfmon pebs bts rep_good nopl xtopology nonstop_tsc cpuid aperfmperf pni pclmulqdq dtes64 monitor ds_cpl vmx smx est tm2 ssse3 sdbg fma cx16 xtpr pdcm pcid dca sse4_1 sse4_2 x2apic movbe popcnt tsc_deadline_timer aes xsave avx f16c rdrand lahf_lm abm 3dnowprefetch cpuid_fault epb cat_l3 cdp_l3 invpcid_single pti intel_ppin ssbd ibrs ibpb stibp tpr_shadow vnmi flexpriority ept vpid fsgsbase tsc_adjust bmi1 hle avx2 smep bmi2 erms invpcid rtm cqm rdt_a rdseed adx smap intel_pt xsaveopt cqm_llc cqm_occup_llc cqm_mbm_total cqm_mbm_local dtherm arat pln pts flush_l1d
bugs		: cpu_meltdown spectre_v1 spectre_v2 spec_store_bypass l1tf
bogomips	: 3990.46
clflush size	: 64
cache_alignment	: 64
address sizes	: 46 bits physical, 48 bits virtual
power management:

processor	: 30
vendor_id	: GenuineIntel
cpu family	: 6
model		: 79
model name	: Intel(R) Xeon(R) CPU E7-4820 v4 @ 2.00GHz
stepping	: 1
microcode	: 0xb00002e
cpu MHz		: 1198.037
cache size	: 25600 KB
physical id	: 1
siblings	: 20
core id		: 0
cpu cores	: 10
apicid		: 33
initial apicid	: 33
fpu		: yes
fpu_exception	: yes
cpuid level	: 20
wp		: yes
flags		: fpu vme de pse tsc msr pae mce cx8 apic sep mtrr pge mca cmov pat pse36 clflush dts acpi mmx fxsr sse sse2 ss ht tm pbe syscall nx pdpe1gb rdtscp lm constant_tsc arch_perfmon pebs bts rep_good nopl xtopology nonstop_tsc cpuid aperfmperf pni pclmulqdq dtes64 monitor ds_cpl vmx smx est tm2 ssse3 sdbg fma cx16 xtpr pdcm pcid dca sse4_1 sse4_2 x2apic movbe popcnt tsc_deadline_timer aes xsave avx f16c rdrand lahf_lm abm 3dnowprefetch cpuid_fault epb cat_l3 cdp_l3 invpcid_single pti intel_ppin ssbd ibrs ibpb stibp tpr_shadow vnmi flexpriority ept vpid fsgsbase tsc_adjust bmi1 hle avx2 smep bmi2 erms invpcid rtm cqm rdt_a rdseed adx smap intel_pt xsaveopt cqm_llc cqm_occup_llc cqm_mbm_total cqm_mbm_local dtherm arat pln pts flush_l1d
bugs		: cpu_meltdown spectre_v1 spectre_v2 spec_store_bypass l1tf
bogomips	: 4023.25
clflush size	: 64
cache_alignment	: 64
address sizes	: 46 bits physical, 48 bits virtual
power management:

processor	: 31
vendor_id	: GenuineIntel
cpu family	: 6
model		: 79
model name	: Intel(R) Xeon(R) CPU E7-4820 v4 @ 2.00GHz
stepping	: 1
microcode	: 0xb00002e
cpu MHz		: 1198.020
cache size	: 25600 KB
physical id	: 1
siblings	: 20
core id		: 1
cpu cores	: 10
apicid		: 35
initial apicid	: 35
fpu		: yes
fpu_exception	: yes
cpuid level	: 20
wp		: yes
flags		: fpu vme de pse tsc msr pae mce cx8 apic sep mtrr pge mca cmov pat pse36 clflush dts acpi mmx fxsr sse sse2 ss ht tm pbe syscall nx pdpe1gb rdtscp lm constant_tsc arch_perfmon pebs bts rep_good nopl xtopology nonstop_tsc cpuid aperfmperf pni pclmulqdq dtes64 monitor ds_cpl vmx smx est tm2 ssse3 sdbg fma cx16 xtpr pdcm pcid dca sse4_1 sse4_2 x2apic movbe popcnt tsc_deadline_timer aes xsave avx f16c rdrand lahf_lm abm 3dnowprefetch cpuid_fault epb cat_l3 cdp_l3 invpcid_single pti intel_ppin ssbd ibrs ibpb stibp tpr_shadow vnmi flexpriority ept vpid fsgsbase tsc_adjust bmi1 hle avx2 smep bmi2 erms invpcid rtm cqm rdt_a rdseed adx smap intel_pt xsaveopt cqm_llc cqm_occup_llc cqm_mbm_total cqm_mbm_local dtherm arat pln pts flush_l1d
bugs		: cpu_meltdown spectre_v1 spectre_v2 spec_store_bypass l1tf
bogomips	: 4023.25
clflush size	: 64
cache_alignment	: 64
address sizes	: 46 bits physical, 48 bits virtual
power management:

processor	: 32
vendor_id	: GenuineIntel
cpu family	: 6
model		: 79
model name	: Intel(R) Xeon(R) CPU E7-4820 v4 @ 2.00GHz
stepping	: 1
microcode	: 0xb00002e
cpu MHz		: 1198.397
cache size	: 25600 KB
physical id	: 1
siblings	: 20
core id		: 2
cpu cores	: 10
apicid		: 37
initial apicid	: 37
fpu		: yes
fpu_exception	: yes
cpuid level	: 20
wp		: yes
flags		: fpu vme de pse tsc msr pae mce cx8 apic sep mtrr pge mca cmov pat pse36 clflush dts acpi mmx fxsr sse sse2 ss ht tm pbe syscall nx pdpe1gb rdtscp lm constant_tsc arch_perfmon pebs bts rep_good nopl xtopology nonstop_tsc cpuid aperfmperf pni pclmulqdq dtes64 monitor ds_cpl vmx smx est tm2 ssse3 sdbg fma cx16 xtpr pdcm pcid dca sse4_1 sse4_2 x2apic movbe popcnt tsc_deadline_timer aes xsave avx f16c rdrand lahf_lm abm 3dnowprefetch cpuid_fault epb cat_l3 cdp_l3 invpcid_single pti intel_ppin ssbd ibrs ibpb stibp tpr_shadow vnmi flexpriority ept vpid fsgsbase tsc_adjust bmi1 hle avx2 smep bmi2 erms invpcid rtm cqm rdt_a rdseed adx smap intel_pt xsaveopt cqm_llc cqm_occup_llc cqm_mbm_total cqm_mbm_local dtherm arat pln pts flush_l1d
bugs		: cpu_meltdown spectre_v1 spectre_v2 spec_store_bypass l1tf
bogomips	: 4023.25
clflush size	: 64
cache_alignment	: 64
address sizes	: 46 bits physical, 48 bits virtual
power management:

processor	: 33
vendor_id	: GenuineIntel
cpu family	: 6
model		: 79
model name	: Intel(R) Xeon(R) CPU E7-4820 v4 @ 2.00GHz
stepping	: 1
microcode	: 0xb00002e
cpu MHz		: 1198.766
cache size	: 25600 KB
physical id	: 1
siblings	: 20
core id		: 3
cpu cores	: 10
apicid		: 39
initial apicid	: 39
fpu		: yes
fpu_exception	: yes
cpuid level	: 20
wp		: yes
flags		: fpu vme de pse tsc msr pae mce cx8 apic sep mtrr pge mca cmov pat pse36 clflush dts acpi mmx fxsr sse sse2 ss ht tm pbe syscall nx pdpe1gb rdtscp lm constant_tsc arch_perfmon pebs bts rep_good nopl xtopology nonstop_tsc cpuid aperfmperf pni pclmulqdq dtes64 monitor ds_cpl vmx smx est tm2 ssse3 sdbg fma cx16 xtpr pdcm pcid dca sse4_1 sse4_2 x2apic movbe popcnt tsc_deadline_timer aes xsave avx f16c rdrand lahf_lm abm 3dnowprefetch cpuid_fault epb cat_l3 cdp_l3 invpcid_single pti intel_ppin ssbd ibrs ibpb stibp tpr_shadow vnmi flexpriority ept vpid fsgsbase tsc_adjust bmi1 hle avx2 smep bmi2 erms invpcid rtm cqm rdt_a rdseed adx smap intel_pt xsaveopt cqm_llc cqm_occup_llc cqm_mbm_total cqm_mbm_local dtherm arat pln pts flush_l1d
bugs		: cpu_meltdown spectre_v1 spectre_v2 spec_store_bypass l1tf
bogomips	: 4023.25
clflush size	: 64
cache_alignment	: 64
address sizes	: 46 bits physical, 48 bits virtual
power management:

processor	: 34
vendor_id	: GenuineIntel
cpu family	: 6
model		: 79
model name	: Intel(R) Xeon(R) CPU E7-4820 v4 @ 2.00GHz
stepping	: 1
microcode	: 0xb00002e
cpu MHz		: 1198.342
cache size	: 25600 KB
physical id	: 1
siblings	: 20
core id		: 4
cpu cores	: 10
apicid		: 41
initial apicid	: 41
fpu		: yes
fpu_exception	: yes
cpuid level	: 20
wp		: yes
flags		: fpu vme de pse tsc msr pae mce cx8 apic sep mtrr pge mca cmov pat pse36 clflush dts acpi mmx fxsr sse sse2 ss ht tm pbe syscall nx pdpe1gb rdtscp lm constant_tsc arch_perfmon pebs bts rep_good nopl xtopology nonstop_tsc cpuid aperfmperf pni pclmulqdq dtes64 monitor ds_cpl vmx smx est tm2 ssse3 sdbg fma cx16 xtpr pdcm pcid dca sse4_1 sse4_2 x2apic movbe popcnt tsc_deadline_timer aes xsave avx f16c rdrand lahf_lm abm 3dnowprefetch cpuid_fault epb cat_l3 cdp_l3 invpcid_single pti intel_ppin ssbd ibrs ibpb stibp tpr_shadow vnmi flexpriority ept vpid fsgsbase tsc_adjust bmi1 hle avx2 smep bmi2 erms invpcid rtm cqm rdt_a rdseed adx smap intel_pt xsaveopt cqm_llc cqm_occup_llc cqm_mbm_total cqm_mbm_local dtherm arat pln pts flush_l1d
bugs		: cpu_meltdown spectre_v1 spectre_v2 spec_store_bypass l1tf
bogomips	: 4023.25
clflush size	: 64
cache_alignment	: 64
address sizes	: 46 bits physical, 48 bits virtual
power management:

processor	: 35
vendor_id	: GenuineIntel
cpu family	: 6
model		: 79
model name	: Intel(R) Xeon(R) CPU E7-4820 v4 @ 2.00GHz
stepping	: 1
microcode	: 0xb00002e
cpu MHz		: 1198.442
cache size	: 25600 KB
physical id	: 1
siblings	: 20
core id		: 8
cpu cores	: 10
apicid		: 49
initial apicid	: 49
fpu		: yes
fpu_exception	: yes
cpuid level	: 20
wp		: yes
flags		: fpu vme de pse tsc msr pae mce cx8 apic sep mtrr pge mca cmov pat pse36 clflush dts acpi mmx fxsr sse sse2 ss ht tm pbe syscall nx pdpe1gb rdtscp lm constant_tsc arch_perfmon pebs bts rep_good nopl xtopology nonstop_tsc cpuid aperfmperf pni pclmulqdq dtes64 monitor ds_cpl vmx smx est tm2 ssse3 sdbg fma cx16 xtpr pdcm pcid dca sse4_1 sse4_2 x2apic movbe popcnt tsc_deadline_timer aes xsave avx f16c rdrand lahf_lm abm 3dnowprefetch cpuid_fault epb cat_l3 cdp_l3 invpcid_single pti intel_ppin ssbd ibrs ibpb stibp tpr_shadow vnmi flexpriority ept vpid fsgsbase tsc_adjust bmi1 hle avx2 smep bmi2 erms invpcid rtm cqm rdt_a rdseed adx smap intel_pt xsaveopt cqm_llc cqm_occup_llc cqm_mbm_total cqm_mbm_local dtherm arat pln pts flush_l1d
bugs		: cpu_meltdown spectre_v1 spectre_v2 spec_store_bypass l1tf
bogomips	: 4023.25
clflush size	: 64
cache_alignment	: 64
address sizes	: 46 bits physical, 48 bits virtual
power management:

processor	: 36
vendor_id	: GenuineIntel
cpu family	: 6
model		: 79
model name	: Intel(R) Xeon(R) CPU E7-4820 v4 @ 2.00GHz
stepping	: 1
microcode	: 0xb00002e
cpu MHz		: 1197.320
cache size	: 25600 KB
physical id	: 1
siblings	: 20
core id		: 9
cpu cores	: 10
apicid		: 51
initial apicid	: 51
fpu		: yes
fpu_exception	: yes
cpuid level	: 20
wp		: yes
flags		: fpu vme de pse tsc msr pae mce cx8 apic sep mtrr pge mca cmov pat pse36 clflush dts acpi mmx fxsr sse sse2 ss ht tm pbe syscall nx pdpe1gb rdtscp lm constant_tsc arch_perfmon pebs bts rep_good nopl xtopology nonstop_tsc cpuid aperfmperf pni pclmulqdq dtes64 monitor ds_cpl vmx smx est tm2 ssse3 sdbg fma cx16 xtpr pdcm pcid dca sse4_1 sse4_2 x2apic movbe popcnt tsc_deadline_timer aes xsave avx f16c rdrand lahf_lm abm 3dnowprefetch cpuid_fault epb cat_l3 cdp_l3 invpcid_single pti intel_ppin ssbd ibrs ibpb stibp tpr_shadow vnmi flexpriority ept vpid fsgsbase tsc_adjust bmi1 hle avx2 smep bmi2 erms invpcid rtm cqm rdt_a rdseed adx smap intel_pt xsaveopt cqm_llc cqm_occup_llc cqm_mbm_total cqm_mbm_local dtherm arat pln pts flush_l1d
bugs		: cpu_meltdown spectre_v1 spectre_v2 spec_store_bypass l1tf
bogomips	: 4023.25
clflush size	: 64
cache_alignment	: 64
address sizes	: 46 bits physical, 48 bits virtual
power management:

processor	: 37
vendor_id	: GenuineIntel
cpu family	: 6
model		: 79
model name	: Intel(R) Xeon(R) CPU E7-4820 v4 @ 2.00GHz
stepping	: 1
microcode	: 0xb00002e
cpu MHz		: 1201.141
cache size	: 25600 KB
physical id	: 1
siblings	: 20
core id		: 10
cpu cores	: 10
apicid		: 53
initial apicid	: 53
fpu		: yes
fpu_exception	: yes
cpuid level	: 20
wp		: yes
flags		: fpu vme de pse tsc msr pae mce cx8 apic sep mtrr pge mca cmov pat pse36 clflush dts acpi mmx fxsr sse sse2 ss ht tm pbe syscall nx pdpe1gb rdtscp lm constant_tsc arch_perfmon pebs bts rep_good nopl xtopology nonstop_tsc cpuid aperfmperf pni pclmulqdq dtes64 monitor ds_cpl vmx smx est tm2 ssse3 sdbg fma cx16 xtpr pdcm pcid dca sse4_1 sse4_2 x2apic movbe popcnt tsc_deadline_timer aes xsave avx f16c rdrand lahf_lm abm 3dnowprefetch cpuid_fault epb cat_l3 cdp_l3 invpcid_single pti intel_ppin ssbd ibrs ibpb stibp tpr_shadow vnmi flexpriority ept vpid fsgsbase tsc_adjust bmi1 hle avx2 smep bmi2 erms invpcid rtm cqm rdt_a rdseed adx smap intel_pt xsaveopt cqm_llc cqm_occup_llc cqm_mbm_total cqm_mbm_local dtherm arat pln pts flush_l1d
bugs		: cpu_meltdown spectre_v1 spectre_v2 spec_store_bypass l1tf
bogomips	: 4023.25
clflush size	: 64
cache_alignment	: 64
address sizes	: 46 bits physical, 48 bits virtual
power management:

processor	: 38
vendor_id	: GenuineIntel
cpu family	: 6
model		: 79
model name	: Intel(R) Xeon(R) CPU E7-4820 v4 @ 2.00GHz
stepping	: 1
microcode	: 0xb00002e
cpu MHz		: 1197.971
cache size	: 25600 KB
physical id	: 1
siblings	: 20
core id		: 11
cpu cores	: 10
apicid		: 55
initial apicid	: 55
fpu		: yes
fpu_exception	: yes
cpuid level	: 20
wp		: yes
flags		: fpu vme de pse tsc msr pae mce cx8 apic sep mtrr pge mca cmov pat pse36 clflush dts acpi mmx fxsr sse sse2 ss ht tm pbe syscall nx pdpe1gb rdtscp lm constant_tsc arch_perfmon pebs bts rep_good nopl xtopology nonstop_tsc cpuid aperfmperf pni pclmulqdq dtes64 monitor ds_cpl vmx smx est tm2 ssse3 sdbg fma cx16 xtpr pdcm pcid dca sse4_1 sse4_2 x2apic movbe popcnt tsc_deadline_timer aes xsave avx f16c rdrand lahf_lm abm 3dnowprefetch cpuid_fault epb cat_l3 cdp_l3 invpcid_single pti intel_ppin ssbd ibrs ibpb stibp tpr_shadow vnmi flexpriority ept vpid fsgsbase tsc_adjust bmi1 hle avx2 smep bmi2 erms invpcid rtm cqm rdt_a rdseed adx smap intel_pt xsaveopt cqm_llc cqm_occup_llc cqm_mbm_total cqm_mbm_local dtherm arat pln pts flush_l1d
bugs		: cpu_meltdown spectre_v1 spectre_v2 spec_store_bypass l1tf
bogomips	: 4023.25
clflush size	: 64
cache_alignment	: 64
address sizes	: 46 bits physical, 48 bits virtual
power management:

processor	: 39
vendor_id	: GenuineIntel
cpu family	: 6
model		: 79
model name	: Intel(R) Xeon(R) CPU E7-4820 v4 @ 2.00GHz
stepping	: 1
microcode	: 0xb00002e
cpu MHz		: 1995.230
cache size	: 25600 KB
physical id	: 1
siblings	: 20
core id		: 12
cpu cores	: 10
apicid		: 57
initial apicid	: 57
fpu		: yes
fpu_exception	: yes
cpuid level	: 20
wp		: yes
flags		: fpu vme de pse tsc msr pae mce cx8 apic sep mtrr pge mca cmov pat pse36 clflush dts acpi mmx fxsr sse sse2 ss ht tm pbe syscall nx pdpe1gb rdtscp lm constant_tsc arch_perfmon pebs bts rep_good nopl xtopology nonstop_tsc cpuid aperfmperf pni pclmulqdq dtes64 monitor ds_cpl vmx smx est tm2 ssse3 sdbg fma cx16 xtpr pdcm pcid dca sse4_1 sse4_2 x2apic movbe popcnt tsc_deadline_timer aes xsave avx f16c rdrand lahf_lm abm 3dnowprefetch cpuid_fault epb cat_l3 cdp_l3 invpcid_single pti intel_ppin ssbd ibrs ibpb stibp tpr_shadow vnmi flexpriority ept vpid fsgsbase tsc_adjust bmi1 hle avx2 smep bmi2 erms invpcid rtm cqm rdt_a rdseed adx smap intel_pt xsaveopt cqm_llc cqm_occup_llc cqm_mbm_total cqm_mbm_local dtherm arat pln pts flush_l1d
bugs		: cpu_meltdown spectre_v1 spectre_v2 spec_store_bypass l1tf
bogomips	: 4023.25
clflush size	: 64
cache_alignment	: 64
address sizes	: 46 bits physical, 48 bits virtual
power management:



Memory: 4k page, physical 131901608k(119915216k free), swap 134093820k(134093820k free)

vm_info: Java HotSpot(TM) 64-Bit Server VM (25.161-b12) for linux-amd64 JRE (1.8.0_161-b12), built on Dec 19 2017 16:12:43 by "java_re" with gcc 4.3.0 20080428 (Red Hat 4.3.0-8)

time: Tue Sep 10 21:34:14 2019
elapsed time: 0 seconds (0d 0h 0m 0s)

